 
****************************************
Report : area
Design : geofence
Version: N-2017.09-SP2
Date   : Mon Jan  8 12:50:20 2024
****************************************

Library(s) Used:

    slow (File: /usr/cad/Design_Kit/CBDK_IC_Contest_v2.5/SynopsysDC/db/slow.db)

Number of ports:                         1375
Number of nets:                          5452
Number of cells:                         3583
Number of combinational cells:           3215
Number of sequential cells:               340
Number of macros/black boxes:               0
Number of buf/inv:                        630
Number of references:                      89

Combinational area:              48413.243029
Buf/Inv area:                     3525.499764
Noncombinational area:           10584.986095
Macro/Black Box area:                0.000000
Net Interconnect area:          477775.738586

Total cell area:                 58998.229125
Total area:                     536773.967711
1
