 
****************************************
Report : timing
        -path full
        -delay max
        -max_paths 1
Design : SME
Version: N-2017.09-SP2
Date   : Thu Jan 18 16:34:41 2024
****************************************

Operating Conditions: slow   Library: slow
Wire Load Model Mode: top

  Startpoint: chardata[2]
              (input port clocked by clk)
  Endpoint: pattern_ff_reg[1][0]
            (rising edge-triggered flip-flop clocked by clk)
  Path Group: clk
  Path Type: max

  Des/Clust/Port     Wire Load Model       Library
  ------------------------------------------------
  SME                tsmc13_wl10           slow

  Point                                    Incr       Path
  -----------------------------------------------------------
  clock clk (fall edge)                   10.00      10.00
  clock network delay (ideal)              0.50      10.50
  input external delay                     0.00      10.50 r
  chardata[2] (in)                         0.01      10.51 r
  U4502/Y (NOR3BXL)                        0.83      11.33 r
  U4499/Y (AND3X1)                         0.40      11.73 r
  U4498/Y (NAND4BX1)                       0.45      12.18 f
  U4497/Y (NAND3X1)                        0.46      12.64 r
  U4493/Y (CLKINVX1)                       0.49      13.13 f
  U3043/Y (NAND2X2)                        0.50      13.63 r
  U3244/Y (MXI2XL)                         0.30      13.93 f
  pattern_ff_reg[1][0]/D (DFFRXL)          0.00      13.93 f
  data arrival time                                  13.93

  clock clk (rise edge)                   20.00      20.00
  clock network delay (ideal)              0.50      20.50
  clock uncertainty                       -0.10      20.40
  pattern_ff_reg[1][0]/CK (DFFRXL)         0.00      20.40 r
  library setup time                      -0.36      20.04
  data required time                                 20.04
  -----------------------------------------------------------
  data required time                                 20.04
  data arrival time                                 -13.93
  -----------------------------------------------------------
  slack (MET)                                         6.11


1
