 
****************************************
Report : timing
        -path full
        -delay max
        -max_paths 1
Design : IOTDF
Version: N-2017.09-SP2
Date   : Sun Mar 12 19:33:48 2023
****************************************

Operating Conditions: slow   Library: slow
Wire Load Model Mode: top

  Startpoint: alu_buf1_reg[0]
              (rising edge-triggered flip-flop clocked by clk)
  Endpoint: result_ff_reg[131]
            (rising edge-triggered flip-flop clocked by clk)
  Path Group: clk
  Path Type: max

  Point                                    Incr       Path
  -----------------------------------------------------------
  clock clk (rise edge)                    0.00       0.00
  clock network delay (ideal)              1.00       1.00
  alu_buf1_reg[0]/CK (DFFRX1)              0.00       1.00 r
  alu_buf1_reg[0]/Q (DFFRX1)               0.46       1.46 r
  U3113/Y (NAND2XL)                        0.12       1.58 f
  U3115/Y (OAI21XL)                        0.24       1.81 r
  U2005/Y (AOI21XL)                        0.13       1.94 f
  U3136/Y (OAI21XL)                        0.22       2.17 r
  U2003/Y (AOI21XL)                        0.13       2.30 f
  U3204/Y (OAI21XL)                        0.22       2.52 r
  U1431/Y (AOI21XL)                        0.15       2.67 f
  U1430/Y (OAI21X1)                        0.17       2.84 r
  U1394/Y (AOI21X1)                        0.11       2.95 f
  U1637/Y (OAI21XL)                        0.29       3.24 r
  U1428/Y (AOI21X1)                        0.15       3.39 f
  U2322/Y (OAI21XL)                        0.27       3.66 r
  U1634/Y (AOI21XL)                        0.16       3.82 f
  U1633/Y (OAI21XL)                        0.28       4.10 r
  U1631/Y (AOI21XL)                        0.16       4.26 f
  U1630/Y (OAI21XL)                        0.28       4.54 r
  U1628/Y (AOI21XL)                        0.16       4.70 f
  U1627/Y (OAI21XL)                        0.28       4.98 r
  U1625/Y (AOI21XL)                        0.16       5.15 f
  U1624/Y (OAI21XL)                        0.28       5.42 r
  U1623/Y (AOI21XL)                        0.18       5.60 f
  U3333/Y (OAI21X1)                        0.18       5.78 r
  U1621/Y (AOI21XL)                        0.13       5.91 f
  U1620/Y (OAI21XL)                        0.27       6.18 r
  U1618/Y (AOI21XL)                        0.16       6.35 f
  U1617/Y (OAI21XL)                        0.28       6.62 r
  U1616/Y (AOI21XL)                        0.18       6.80 f
  U3336/Y (OAI21X1)                        0.18       6.98 r
  U1615/Y (AOI21XL)                        0.15       7.13 f
  U3339/Y (OAI21X1)                        0.17       7.30 r
  U1614/Y (AOI21XL)                        0.15       7.45 f
  U3341/Y (OAI21X1)                        0.17       7.62 r
  U1613/Y (AOI21XL)                        0.15       7.76 f
  U3344/Y (OAI21X1)                        0.17       7.94 r
  U1612/Y (AOI21XL)                        0.15       8.08 f
  U3347/Y (OAI21X1)                        0.17       8.26 r
  U1611/Y (AOI21XL)                        0.15       8.40 f
  U3350/Y (OAI21X1)                        0.17       8.57 r
  U1610/Y (AOI21XL)                        0.15       8.72 f
  U3353/Y (OAI21X1)                        0.17       8.89 r
  U1609/Y (AOI21XL)                        0.15       9.04 f
  U3355/Y (OAI21X1)                        0.17       9.21 r
  U1608/Y (AOI21XL)                        0.15       9.36 f
  U3358/Y (OAI21X1)                        0.17       9.53 r
  U1607/Y (AOI21XL)                        0.13       9.66 f
  U3361/Y (OAI21XL)                        0.26       9.92 r
  U3369/Y (NAND2XL)                        0.15      10.08 f
  U3371/Y (NOR2X1)                         0.14      10.21 r
  U4577/Y (NAND2XL)                        0.09      10.30 f
  U2149/Y (XOR2X1)                         0.14      10.43 f
  U2148/Y (NAND2XL)                        0.09      10.53 r
  U4578/Y (OAI211XL)                       0.10      10.63 f
  result_ff_reg[131]/D (DFFRX1)            0.00      10.63 f
  data arrival time                                  10.63

  clock clk (rise edge)                   10.00      10.00
  clock network delay (ideal)              1.00      11.00
  clock uncertainty                       -0.10      10.90
  result_ff_reg[131]/CK (DFFRX1)           0.00      10.90 r
  library setup time                      -0.24      10.66
  data required time                                 10.66
  -----------------------------------------------------------
  data required time                                 10.66
  data arrival time                                 -10.63
  -----------------------------------------------------------
  slack (MET)                                         0.04


1
