ncverilog: 15.20-s039: (c) Copyright 1995-2017 Cadence Design Systems, Inc.
TOOL:	ncverilog	15.20-s039: Started on Jan 02, 2024 at 18:42:25 CST
ncverilog
	-sv
	tb.sv
	geofence_syn.v
	+ncmaxdelays
	+define+SDF
	+access+r
	-v
	tsmc13_neg.v
file: tb.sv
	module worklib.testfixture:sv
		errors: 0, warnings: 0
file: geofence_syn.v
	module worklib.geofence:v
		errors: 0, warnings: 0
		Caching library 'worklib' ....... Done
		Caching library 'tsmc13_neg' ....... Done
	Elaborating the design hierarchy:
		Caching library 'worklib' ....... Done
		Caching library 'tsmc13_neg' ....... Done
  geofence_DW_cmp_0 gt_126 ( .A(hero_area_temp), .B(polygon_area_actual), .TC(
                         |
ncelab: *W,CUVWSP (./geofence_syn.v,2729|25): 1 output port was not connected:
ncelab: (./geofence_syn.v,71): EQ_NE

  geofence_DW01_sub_3 sub_103 ( .A({1'b0, s}), .B({1'b0, N899, N900, N901, 
                            |
ncelab: *W,CUVWSP (./geofence_syn.v,2731|28): 1 output port was not connected:
ncelab: (./geofence_syn.v,176): CO

  geofence_DW01_sub_4 sub_102 ( .A({1'b0, s}), .B({1'b0, N936, N937, N938, 
                            |
ncelab: *W,CUVWSP (./geofence_syn.v,2734|28): 1 output port was not connected:
ncelab: (./geofence_syn.v,216): CO

  geofence_DW01_sub_5 sub_101 ( .A({1'b0, s}), .B(dis_a), .CI(1'b0), .DIFF(s0)
                            |
ncelab: *W,CUVWSP (./geofence_syn.v,2737|28): 1 output port was not connected:
ncelab: (./geofence_syn.v,256): CO

  geofence_DW01_add_0 add_div_94 ( .A({1'b0, 1'b0, 1'b0, 1'b0, 1'b0, 1'b0, 
                               |
ncelab: *W,CUVWSP (./geofence_syn.v,2739|31): 1 output port was not connected:
ncelab: (./geofence_syn.v,304): CO

  geofence_DW01_sub_6 sub_93 ( .A(polygon_area), .B({n2083, cross_result[22:0]}), .CI(1'b0), .DIFF(polygon_area_temp) );
                           |
ncelab: *W,CUVWSP (./geofence_syn.v,2743|27): 1 output port was not connected:
ncelab: (./geofence_syn.v,363): CO

  geofence_DW01_add_1 add_92 ( .A(hero_area), .B(s_mul_out), .CI(1'b0), .SUM(
                           |
ncelab: *W,CUVWSP (./geofence_syn.v,2744|27): 1 output port was not connected:
ncelab: (./geofence_syn.v,448): CO

  geofence_DW01_sub_7 sub_74 ( .A({1'b0, N926, N927, N928, N929, N930, N931, 
                           |
ncelab: *W,CUVWSP (./geofence_syn.v,2746|27): 1 output port was not connected:
ncelab: (./geofence_syn.v,506): CO

  geofence_DW01_sub_8 sub_73 ( .A({1'b0, N916, N917, N918, N919, N920, N921, 
                           |
ncelab: *W,CUVWSP (./geofence_syn.v,2750|27): 1 output port was not connected:
ncelab: (./geofence_syn.v,543): CO

  geofence_DW01_add_3 add_1_root_add_0_root_add_100_2 ( .A(dis_a), .B({1'b0, 
                                                    |
ncelab: *W,CUVWSP (./geofence_syn.v,2754|52): 1 output port was not connected:
ncelab: (./geofence_syn.v,580): CO

  geofence_DW01_add_2 add_0_root_add_0_root_add_100_2 ( .A({1'b0, N899, N900, 
                                                    |
ncelab: *W,CUVWSP (./geofence_syn.v,2758|52): 1 output port was not connected:
ncelab: (./geofence_syn.v,614): CO

  geofence_DW01_sub_13 sub_67_4 ( .A({1'b0, N926, N927, N928, N929, N930, N931, 
                              |
ncelab: *W,CUVWSP (./geofence_syn.v,2761|30): 1 output port was not connected:
ncelab: (./geofence_syn.v,648): CO

  geofence_DW01_sub_12 sub_67_2 ( .A({1'b0, N889, N890, N891, N892, N893, N894, 
                              |
ncelab: *W,CUVWSP (./geofence_syn.v,2764|30): 1 output port was not connected:
ncelab: (./geofence_syn.v,685): CO

  geofence_DW01_sub_11 sub_67_3 ( .A({1'b0, N879, N880, N881, N882, N883, N884, 
                              |
ncelab: *W,CUVWSP (./geofence_syn.v,2767|30): 1 output port was not connected:
ncelab: (./geofence_syn.v,722): CO

  geofence_DW01_sub_10 sub_67 ( .A({1'b0, N916, N917, N918, N919, N920, N921, 
                            |
ncelab: *W,CUVWSP (./geofence_syn.v,2770|28): 1 output port was not connected:
ncelab: (./geofence_syn.v,759): CO

  geofence_DW01_sub_9 sub_67_5 ( .A({N371, N370, N369, N368, N367, N366, N365, 
                             |
ncelab: *W,CUVWSP (./geofence_syn.v,2811|29): 1 output port was not connected:
ncelab: (./geofence_syn.v,1370): CO

  geofence_DW01_add_4 add_76 ( .A({N503, N503, N502, N501, N500, N499, N498, 
                           |
ncelab: *W,CUVWSP (./geofence_syn.v,2825|27): 1 output port was not connected:
ncelab: (./geofence_syn.v,1741): CO

  DFFRX1 \dis_a_square_ff_reg[23]  ( .D(dis_a_square_23), .CK(clk), .RN(n1980), 
                                 |
ncelab: *W,CUVWSP (./geofence_syn.v,2837|33): 1 output port was not connected:
ncelab: (./tsmc13_neg.v,18307): QN

  DFFRX1 \dis_a_square_ff_reg[22]  ( .D(dis_a_square_23), .CK(clk), .RN(n1980), 
                                 |
ncelab: *W,CUVWSP (./geofence_syn.v,2839|33): 1 output port was not connected:
ncelab: (./tsmc13_neg.v,18307): QN

  DFFRX1 \dis_a_square_ff_reg[21]  ( .D(dis_a_square[21]), .CK(clk), .RN(n1980), .Q(dis_a_square_ff[21]) );
                                 |
ncelab: *W,CUVWSP (./geofence_syn.v,2841|33): 1 output port was not connected:
ncelab: (./tsmc13_neg.v,18307): QN

  DFFRX1 \dis_a_square_ff_reg[20]  ( .D(dis_a_square[20]), .CK(clk), .RN(n1980), .Q(dis_a_square_ff[20]) );
                                 |
ncelab: *W,CUVWSP (./geofence_syn.v,2842|33): 1 output port was not connected:
ncelab: (./tsmc13_neg.v,18307): QN

  DFFRX1 \dis_a_square_ff_reg[19]  ( .D(dis_a_square[19]), .CK(clk), .RN(n1980), .Q(dis_a_square_ff[19]) );
                                 |
ncelab: *W,CUVWSP (./geofence_syn.v,2843|33): 1 output port was not connected:
ncelab: (./tsmc13_neg.v,18307): QN

  DFFRX1 \dis_a_square_ff_reg[18]  ( .D(dis_a_square[18]), .CK(clk), .RN(n1980), .Q(dis_a_square_ff[18]) );
                                 |
ncelab: *W,CUVWSP (./geofence_syn.v,2844|33): 1 output port was not connected:
ncelab: (./tsmc13_neg.v,18307): QN

  DFFRX1 \dis_a_square_ff_reg[17]  ( .D(dis_a_square[17]), .CK(clk), .RN(n1980), .Q(dis_a_square_ff[17]) );
                                 |
ncelab: *W,CUVWSP (./geofence_syn.v,2845|33): 1 output port was not connected:
ncelab: (./tsmc13_neg.v,18307): QN

  DFFRX1 \dis_a_square_ff_reg[16]  ( .D(dis_a_square[16]), .CK(clk), .RN(n1980), .Q(dis_a_square_ff[16]) );
                                 |
ncelab: *W,CUVWSP (./geofence_syn.v,2846|33): 1 output port was not connected:
ncelab: (./tsmc13_neg.v,18307): QN

  DFFRX1 \dis_a_square_ff_reg[15]  ( .D(dis_a_square[15]), .CK(clk), .RN(n1980), .Q(dis_a_square_ff[15]) );
                                 |
ncelab: *W,CUVWSP (./geofence_syn.v,2847|33): 1 output port was not connected:
ncelab: (./tsmc13_neg.v,18307): QN

  DFFRX1 \dis_a_square_ff_reg[14]  ( .D(dis_a_square[14]), .CK(clk), .RN(n1980), .Q(dis_a_square_ff[14]) );
                                 |
ncelab: *W,CUVWSP (./geofence_syn.v,2848|33): 1 output port was not connected:
ncelab: (./tsmc13_neg.v,18307): QN

  DFFRX1 \dis_a_square_ff_reg[13]  ( .D(dis_a_square[13]), .CK(clk), .RN(n1980), .Q(dis_a_square_ff[13]) );
                                 |
ncelab: *W,CUVWSP (./geofence_syn.v,2849|33): 1 output port was not connected:
ncelab: (./tsmc13_neg.v,18307): QN

  DFFRX1 \dis_a_square_ff_reg[12]  ( .D(dis_a_square[12]), .CK(clk), .RN(n1980), .Q(dis_a_square_ff[12]) );
                                 |
ncelab: *W,CUVWSP (./geofence_syn.v,2850|33): 1 output port was not connected:
ncelab: (./tsmc13_neg.v,18307): QN

  DFFRX1 \dis_a_square_ff_reg[11]  ( .D(dis_a_square[11]), .CK(clk), .RN(n1981), .Q(dis_a_square_ff[11]) );
                                 |
ncelab: *W,CUVWSP (./geofence_syn.v,2851|33): 1 output port was not connected:
ncelab: (./tsmc13_neg.v,18307): QN

  DFFRX1 \dis_a_square_ff_reg[10]  ( .D(dis_a_square[10]), .CK(clk), .RN(n1981), .Q(dis_a_square_ff[10]) );
                                 |
ncelab: *W,CUVWSP (./geofence_syn.v,2852|33): 1 output port was not connected:
ncelab: (./tsmc13_neg.v,18307): QN

  DFFRX1 \dis_a_square_ff_reg[9]  ( .D(dis_a_square[9]), .CK(clk), .RN(n1981), 
                                |
ncelab: *W,CUVWSP (./geofence_syn.v,2853|32): 1 output port was not connected:
ncelab: (./tsmc13_neg.v,18307): QN

  DFFRX1 \dis_a_square_ff_reg[8]  ( .D(dis_a_square[8]), .CK(clk), .RN(n1981), 
                                |
ncelab: *W,CUVWSP (./geofence_syn.v,2855|32): 1 output port was not connected:
ncelab: (./tsmc13_neg.v,18307): QN

  DFFRX1 \dis_a_square_ff_reg[7]  ( .D(dis_a_square[7]), .CK(clk), .RN(n1981), 
                                |
ncelab: *W,CUVWSP (./geofence_syn.v,2857|32): 1 output port was not connected:
ncelab: (./tsmc13_neg.v,18307): QN

  DFFRX1 \dis_a_square_ff_reg[6]  ( .D(dis_a_square[6]), .CK(clk), .RN(n1981), 
                                |
ncelab: *W,CUVWSP (./geofence_syn.v,2859|32): 1 output port was not connected:
ncelab: (./tsmc13_neg.v,18307): QN

  DFFRX1 \dis_a_square_ff_reg[5]  ( .D(dis_a_square[5]), .CK(clk), .RN(n1981), 
                                |
ncelab: *W,CUVWSP (./geofence_syn.v,2861|32): 1 output port was not connected:
ncelab: (./tsmc13_neg.v,18307): QN

  DFFRX1 \dis_a_square_ff_reg[4]  ( .D(dis_a_square[4]), .CK(clk), .RN(n1981), 
                                |
ncelab: *W,CUVWSP (./geofence_syn.v,2863|32): 1 output port was not connected:
ncelab: (./tsmc13_neg.v,18307): QN

  DFFRX1 \dis_a_square_ff_reg[3]  ( .D(dis_a_square[3]), .CK(clk), .RN(n1981), 
                                |
ncelab: *W,CUVWSP (./geofence_syn.v,2865|32): 1 output port was not connected:
ncelab: (./tsmc13_neg.v,18307): QN

  DFFRX1 \dis_a_square_ff_reg[2]  ( .D(dis_a_square[2]), .CK(clk), .RN(n1981), 
                                |
ncelab: *W,CUVWSP (./geofence_syn.v,2867|32): 1 output port was not connected:
ncelab: (./tsmc13_neg.v,18307): QN

  DFFRX1 \dis_a_square_ff_reg[1]  ( .D(dis_a_square[1]), .CK(clk), .RN(n1981), 
                                |
ncelab: *W,CUVWSP (./geofence_syn.v,2869|32): 1 output port was not connected:
ncelab: (./tsmc13_neg.v,18307): QN

  DFFRX1 \dis_a_square_ff_reg[0]  ( .D(dis_a_square[0]), .CK(clk), .RN(n1981), 
                                |
ncelab: *W,CUVWSP (./geofence_syn.v,2871|32): 1 output port was not connected:
ncelab: (./tsmc13_neg.v,18307): QN

  DFFRX1 \hero_area_reg[21]  ( .D(n809), .CK(clk), .RN(n1988), .Q(
                           |
ncelab: *W,CUVWSP (./geofence_syn.v,2873|27): 1 output port was not connected:
ncelab: (./tsmc13_neg.v,18307): QN

  DFFRX1 \hero_area_reg[22]  ( .D(n808), .CK(clk), .RN(n1988), .Q(
                           |
ncelab: *W,CUVWSP (./geofence_syn.v,2875|27): 1 output port was not connected:
ncelab: (./tsmc13_neg.v,18307): QN

  DFFRX1 \hero_area_reg[23]  ( .D(n807), .CK(clk), .RN(n1988), .Q(
                           |
ncelab: *W,CUVWSP (./geofence_syn.v,2877|27): 1 output port was not connected:
ncelab: (./tsmc13_neg.v,18307): QN

  DFFRX1 \polygon_area_reg[22]  ( .D(n832), .CK(clk), .RN(n1984), .Q(
                              |
ncelab: *W,CUVWSP (./geofence_syn.v,2879|30): 1 output port was not connected:
ncelab: (./tsmc13_neg.v,18307): QN

  DFFRX1 \hero_area_reg[20]  ( .D(n810), .CK(clk), .RN(n1988), .Q(
                           |
ncelab: *W,CUVWSP (./geofence_syn.v,2881|27): 1 output port was not connected:
ncelab: (./tsmc13_neg.v,18307): QN

  DFFRX1 \polygon_area_reg[20]  ( .D(n834), .CK(clk), .RN(n1984), .Q(
                              |
ncelab: *W,CUVWSP (./geofence_syn.v,2883|30): 1 output port was not connected:
ncelab: (./tsmc13_neg.v,18307): QN

  DFFRX1 \polygon_area_reg[21]  ( .D(n833), .CK(clk), .RN(n1984), .Q(
                              |
ncelab: *W,CUVWSP (./geofence_syn.v,2885|30): 1 output port was not connected:
ncelab: (./tsmc13_neg.v,18307): QN

  DFFRX1 \hero_area_reg[18]  ( .D(n812), .CK(clk), .RN(n1988), .Q(
                           |
ncelab: *W,CUVWSP (./geofence_syn.v,2887|27): 1 output port was not connected:
ncelab: (./tsmc13_neg.v,18307): QN

  DFFRX1 \hero_area_reg[19]  ( .D(n811), .CK(clk), .RN(n1988), .Q(
                           |
ncelab: *W,CUVWSP (./geofence_syn.v,2889|27): 1 output port was not connected:
ncelab: (./tsmc13_neg.v,18307): QN

  DFFRX1 \loc_ff_reg[4][10]  ( .D(n736), .CK(clk), .RN(n1991), .Q(
                           |
ncelab: *W,CUVWSP (./geofence_syn.v,2891|27): 1 output port was not connected:
ncelab: (./tsmc13_neg.v,18307): QN

  DFFRX1 \loc_ff_reg[1][9]  ( .D(n642), .CK(clk), .RN(n2001), .Q(\loc_r[1][9] ) );
                          |
ncelab: *W,CUVWSP (./geofence_syn.v,2893|26): 1 output port was not connected:
ncelab: (./tsmc13_neg.v,18307): QN

  DFFRX1 \loc_ff_reg[1][10]  ( .D(n643), .CK(clk), .RN(n2001), .Q(
                           |
ncelab: *W,CUVWSP (./geofence_syn.v,2894|27): 1 output port was not connected:
ncelab: (./tsmc13_neg.v,18307): QN

  DFFRX1 \loc_ff_reg[5][9]  ( .D(n766), .CK(clk), .RN(n1999), .Q(\loc_r[5][9] ) );
                          |
ncelab: *W,CUVWSP (./geofence_syn.v,2896|26): 1 output port was not connected:
ncelab: (./tsmc13_neg.v,18307): QN

  DFFRX1 \loc_ff_reg[5][10]  ( .D(n767), .CK(clk), .RN(n1999), .Q(
                           |
ncelab: *W,CUVWSP (./geofence_syn.v,2897|27): 1 output port was not connected:
ncelab: (./tsmc13_neg.v,18307): QN

  DFFRX1 \loc_ff_reg[2][9]  ( .D(n673), .CK(clk), .RN(n2004), .Q(\loc_r[2][9] ) );
                          |
ncelab: *W,CUVWSP (./geofence_syn.v,2899|26): 1 output port was not connected:
ncelab: (./tsmc13_neg.v,18307): QN

  DFFRX1 \loc_ff_reg[2][10]  ( .D(n674), .CK(clk), .RN(n2004), .Q(
                           |
ncelab: *W,CUVWSP (./geofence_syn.v,2900|27): 1 output port was not connected:
ncelab: (./tsmc13_neg.v,18307): QN

  DFFRX1 \loc_ff_reg[0][9]  ( .D(n611), .CK(clk), .RN(n1993), .Q(\loc_r[0][9] ) );
                          |
ncelab: *W,CUVWSP (./geofence_syn.v,2902|26): 1 output port was not connected:
ncelab: (./tsmc13_neg.v,18307): QN

  DFFRX1 \loc_ff_reg[0][10]  ( .D(n612), .CK(clk), .RN(n1994), .Q(
                           |
ncelab: *W,CUVWSP (./geofence_syn.v,2903|27): 1 output port was not connected:
ncelab: (./tsmc13_neg.v,18307): QN

  DFFRX1 \loc_ff_reg[3][9]  ( .D(n704), .CK(clk), .RN(n1996), .Q(\loc_r[3][9] ) );
                          |
ncelab: *W,CUVWSP (./geofence_syn.v,2905|26): 1 output port was not connected:
ncelab: (./tsmc13_neg.v,18307): QN

  DFFRX1 \loc_ff_reg[3][10]  ( .D(n705), .CK(clk), .RN(n1996), .Q(
                           |
ncelab: *W,CUVWSP (./geofence_syn.v,2906|27): 1 output port was not connected:
ncelab: (./tsmc13_neg.v,18307): QN

  DFFRX1 \polygon_area_reg[19]  ( .D(n835), .CK(clk), .RN(n1984), .Q(
                              |
ncelab: *W,CUVWSP (./geofence_syn.v,2908|30): 1 output port was not connected:
ncelab: (./tsmc13_neg.v,18307): QN

  DFFRX1 \hero_area_reg[17]  ( .D(n813), .CK(clk), .RN(n1987), .Q(
                           |
ncelab: *W,CUVWSP (./geofence_syn.v,2910|27): 1 output port was not connected:
ncelab: (./tsmc13_neg.v,18307): QN

  DFFRX1 \loc_ff_reg[4][5]  ( .D(n731), .CK(clk), .RN(n1990), .Q(\loc_r[4][5] ) );
                          |
ncelab: *W,CUVWSP (./geofence_syn.v,2912|26): 1 output port was not connected:
ncelab: (./tsmc13_neg.v,18307): QN

  DFFRX1 \loc_ff_reg[4][6]  ( .D(n732), .CK(clk), .RN(n1991), .Q(\loc_r[4][6] ) );
                          |
ncelab: *W,CUVWSP (./geofence_syn.v,2913|26): 1 output port was not connected:
ncelab: (./tsmc13_neg.v,18307): QN

  DFFRX1 \loc_ff_reg[4][7]  ( .D(n733), .CK(clk), .RN(n1991), .Q(\loc_r[4][7] ) );
                          |
ncelab: *W,CUVWSP (./geofence_syn.v,2914|26): 1 output port was not connected:
ncelab: (./tsmc13_neg.v,18307): QN

  DFFRX1 \loc_ff_reg[4][8]  ( .D(n734), .CK(clk), .RN(n1991), .Q(\loc_r[4][8] ) );
                          |
ncelab: *W,CUVWSP (./geofence_syn.v,2915|26): 1 output port was not connected:
ncelab: (./tsmc13_neg.v,18307): QN

  DFFRX1 \loc_ff_reg[4][9]  ( .D(n735), .CK(clk), .RN(n1991), .Q(\loc_r[4][9] ) );
                          |
ncelab: *W,CUVWSP (./geofence_syn.v,2916|26): 1 output port was not connected:
ncelab: (./tsmc13_neg.v,18307): QN

  DFFRX1 \loc_ff_reg[1][4]  ( .D(n637), .CK(clk), .RN(n2001), .Q(\loc_r[1][4] ) );
                          |
ncelab: *W,CUVWSP (./geofence_syn.v,2917|26): 1 output port was not connected:
ncelab: (./tsmc13_neg.v,18307): QN

  DFFRX1 \loc_ff_reg[1][5]  ( .D(n638), .CK(clk), .RN(n2001), .Q(\loc_r[1][5] ) );
                          |
ncelab: *W,CUVWSP (./geofence_syn.v,2918|26): 1 output port was not connected:
ncelab: (./tsmc13_neg.v,18307): QN

  DFFRX1 \loc_ff_reg[1][6]  ( .D(n639), .CK(clk), .RN(n2001), .Q(\loc_r[1][6] ) );
                          |
ncelab: *W,CUVWSP (./geofence_syn.v,2919|26): 1 output port was not connected:
ncelab: (./tsmc13_neg.v,18307): QN

  DFFRX1 \loc_ff_reg[1][7]  ( .D(n640), .CK(clk), .RN(n2001), .Q(\loc_r[1][7] ) );
                          |
ncelab: *W,CUVWSP (./geofence_syn.v,2920|26): 1 output port was not connected:
ncelab: (./tsmc13_neg.v,18307): QN

  DFFRX1 \loc_ff_reg[1][8]  ( .D(n641), .CK(clk), .RN(n2001), .Q(\loc_r[1][8] ) );
                          |
ncelab: *W,CUVWSP (./geofence_syn.v,2921|26): 1 output port was not connected:
ncelab: (./tsmc13_neg.v,18307): QN

  DFFRX1 \loc_ff_reg[5][4]  ( .D(n761), .CK(clk), .RN(n1998), .Q(\loc_r[5][4] ) );
                          |
ncelab: *W,CUVWSP (./geofence_syn.v,2922|26): 1 output port was not connected:
ncelab: (./tsmc13_neg.v,18307): QN

  DFFRX1 \loc_ff_reg[5][5]  ( .D(n762), .CK(clk), .RN(n1998), .Q(\loc_r[5][5] ) );
                          |
ncelab: *W,CUVWSP (./geofence_syn.v,2923|26): 1 output port was not connected:
ncelab: (./tsmc13_neg.v,18307): QN

  DFFRX1 \loc_ff_reg[5][6]  ( .D(n763), .CK(clk), .RN(n1998), .Q(\loc_r[5][6] ) );
                          |
ncelab: *W,CUVWSP (./geofence_syn.v,2924|26): 1 output port was not connected:
ncelab: (./tsmc13_neg.v,18307): QN

  DFFRX1 \loc_ff_reg[5][7]  ( .D(n764), .CK(clk), .RN(n1998), .Q(\loc_r[5][7] ) );
                          |
ncelab: *W,CUVWSP (./geofence_syn.v,2925|26): 1 output port was not connected:
ncelab: (./tsmc13_neg.v,18307): QN

  DFFRX1 \loc_ff_reg[5][8]  ( .D(n765), .CK(clk), .RN(n1999), .Q(\loc_r[5][8] ) );
                          |
ncelab: *W,CUVWSP (./geofence_syn.v,2926|26): 1 output port was not connected:
ncelab: (./tsmc13_neg.v,18307): QN

  DFFRX1 \loc_ff_reg[2][4]  ( .D(n668), .CK(clk), .RN(n2003), .Q(\loc_r[2][4] ) );
                          |
ncelab: *W,CUVWSP (./geofence_syn.v,2927|26): 1 output port was not connected:
ncelab: (./tsmc13_neg.v,18307): QN

  DFFRX1 \loc_ff_reg[2][5]  ( .D(n669), .CK(clk), .RN(n2003), .Q(\loc_r[2][5] ) );
                          |
ncelab: *W,CUVWSP (./geofence_syn.v,2928|26): 1 output port was not connected:
ncelab: (./tsmc13_neg.v,18307): QN

  DFFRX1 \loc_ff_reg[2][6]  ( .D(n670), .CK(clk), .RN(n2004), .Q(\loc_r[2][6] ) );
                          |
ncelab: *W,CUVWSP (./geofence_syn.v,2929|26): 1 output port was not connected:
ncelab: (./tsmc13_neg.v,18307): QN

  DFFRX1 \loc_ff_reg[2][7]  ( .D(n671), .CK(clk), .RN(n2004), .Q(\loc_r[2][7] ) );
                          |
ncelab: *W,CUVWSP (./geofence_syn.v,2930|26): 1 output port was not connected:
ncelab: (./tsmc13_neg.v,18307): QN

  DFFRX1 \loc_ff_reg[2][8]  ( .D(n672), .CK(clk), .RN(n2004), .Q(\loc_r[2][8] ) );
                          |
ncelab: *W,CUVWSP (./geofence_syn.v,2931|26): 1 output port was not connected:
ncelab: (./tsmc13_neg.v,18307): QN

  DFFRX1 \loc_ff_reg[0][4]  ( .D(n606), .CK(clk), .RN(n1993), .Q(\loc_r[0][4] ) );
                          |
ncelab: *W,CUVWSP (./geofence_syn.v,2932|26): 1 output port was not connected:
ncelab: (./tsmc13_neg.v,18307): QN

  DFFRX1 \loc_ff_reg[0][5]  ( .D(n607), .CK(clk), .RN(n1993), .Q(\loc_r[0][5] ) );
                          |
ncelab: *W,CUVWSP (./geofence_syn.v,2933|26): 1 output port was not connected:
ncelab: (./tsmc13_neg.v,18307): QN

  DFFRX1 \loc_ff_reg[0][6]  ( .D(n608), .CK(clk), .RN(n1993), .Q(\loc_r[0][6] ) );
                          |
ncelab: *W,CUVWSP (./geofence_syn.v,2934|26): 1 output port was not connected:
ncelab: (./tsmc13_neg.v,18307): QN

  DFFRX1 \loc_ff_reg[0][7]  ( .D(n609), .CK(clk), .RN(n1993), .Q(\loc_r[0][7] ) );
                          |
ncelab: *W,CUVWSP (./geofence_syn.v,2935|26): 1 output port was not connected:
ncelab: (./tsmc13_neg.v,18307): QN

  DFFRX1 \loc_ff_reg[0][8]  ( .D(n610), .CK(clk), .RN(n1993), .Q(\loc_r[0][8] ) );
                          |
ncelab: *W,CUVWSP (./geofence_syn.v,2936|26): 1 output port was not connected:
ncelab: (./tsmc13_neg.v,18307): QN

  DFFRX1 \loc_ff_reg[3][4]  ( .D(n699), .CK(clk), .RN(n1996), .Q(\loc_r[3][4] ) );
                          |
ncelab: *W,CUVWSP (./geofence_syn.v,2937|26): 1 output port was not connected:
ncelab: (./tsmc13_neg.v,18307): QN

  DFFRX1 \loc_ff_reg[3][5]  ( .D(n700), .CK(clk), .RN(n1996), .Q(\loc_r[3][5] ) );
                          |
ncelab: *W,CUVWSP (./geofence_syn.v,2938|26): 1 output port was not connected:
ncelab: (./tsmc13_neg.v,18307): QN

  DFFRX1 \loc_ff_reg[3][6]  ( .D(n701), .CK(clk), .RN(n1996), .Q(\loc_r[3][6] ) );
                          |
ncelab: *W,CUVWSP (./geofence_syn.v,2939|26): 1 output port was not connected:
ncelab: (./tsmc13_neg.v,18307): QN

  DFFRX1 \loc_ff_reg[3][7]  ( .D(n702), .CK(clk), .RN(n1996), .Q(\loc_r[3][7] ) );
                          |
ncelab: *W,CUVWSP (./geofence_syn.v,2940|26): 1 output port was not connected:
ncelab: (./tsmc13_neg.v,18307): QN

  DFFRX1 \loc_ff_reg[3][8]  ( .D(n703), .CK(clk), .RN(n1996), .Q(\loc_r[3][8] ) );
                          |
ncelab: *W,CUVWSP (./geofence_syn.v,2941|26): 1 output port was not connected:
ncelab: (./tsmc13_neg.v,18307): QN

  DFFRX1 \polygon_area_reg[17]  ( .D(n837), .CK(clk), .RN(n1983), .Q(
                              |
ncelab: *W,CUVWSP (./geofence_syn.v,2942|30): 1 output port was not connected:
ncelab: (./tsmc13_neg.v,18307): QN

  DFFRX1 \polygon_area_reg[18]  ( .D(n836), .CK(clk), .RN(n1984), .Q(
                              |
ncelab: *W,CUVWSP (./geofence_syn.v,2944|30): 1 output port was not connected:
ncelab: (./tsmc13_neg.v,18307): QN

  DFFRX1 \hero_area_reg[12]  ( .D(n818), .CK(clk), .RN(n1987), .Q(
                           |
ncelab: *W,CUVWSP (./geofence_syn.v,2946|27): 1 output port was not connected:
ncelab: (./tsmc13_neg.v,18307): QN

  DFFRX1 \hero_area_reg[13]  ( .D(n817), .CK(clk), .RN(n1987), .Q(
                           |
ncelab: *W,CUVWSP (./geofence_syn.v,2948|27): 1 output port was not connected:
ncelab: (./tsmc13_neg.v,18307): QN

  DFFRX1 \hero_area_reg[14]  ( .D(n816), .CK(clk), .RN(n1987), .Q(
                           |
ncelab: *W,CUVWSP (./geofence_syn.v,2950|27): 1 output port was not connected:
ncelab: (./tsmc13_neg.v,18307): QN

  DFFRX1 \hero_area_reg[15]  ( .D(n815), .CK(clk), .RN(n1987), .Q(
                           |
ncelab: *W,CUVWSP (./geofence_syn.v,2952|27): 1 output port was not connected:
ncelab: (./tsmc13_neg.v,18307): QN

  DFFRX1 \hero_area_reg[16]  ( .D(n814), .CK(clk), .RN(n1987), .Q(
                           |
ncelab: *W,CUVWSP (./geofence_syn.v,2954|27): 1 output port was not connected:
ncelab: (./tsmc13_neg.v,18307): QN

  DFFRX1 \loc_ff_reg[4][1]  ( .D(n727), .CK(clk), .RN(n1990), .Q(\loc_r[4][1] ) );
                          |
ncelab: *W,CUVWSP (./geofence_syn.v,2956|26): 1 output port was not connected:
ncelab: (./tsmc13_neg.v,18307): QN

  DFFRX1 \loc_ff_reg[4][2]  ( .D(n728), .CK(clk), .RN(n1990), .Q(\loc_r[4][2] ) );
                          |
ncelab: *W,CUVWSP (./geofence_syn.v,2957|26): 1 output port was not connected:
ncelab: (./tsmc13_neg.v,18307): QN

  DFFRX1 \loc_ff_reg[4][3]  ( .D(n729), .CK(clk), .RN(n1990), .Q(\loc_r[4][3] ) );
                          |
ncelab: *W,CUVWSP (./geofence_syn.v,2958|26): 1 output port was not connected:
ncelab: (./tsmc13_neg.v,18307): QN

  DFFRX1 \loc_ff_reg[4][4]  ( .D(n730), .CK(clk), .RN(n1990), .Q(\loc_r[4][4] ) );
                          |
ncelab: *W,CUVWSP (./geofence_syn.v,2959|26): 1 output port was not connected:
ncelab: (./tsmc13_neg.v,18307): QN

  DFFRX1 \loc_ff_reg[4][0]  ( .D(n757), .CK(clk), .RN(n1993), .Q(\loc_r[4][0] ) );
                          |
ncelab: *W,CUVWSP (./geofence_syn.v,2960|26): 1 output port was not connected:
ncelab: (./tsmc13_neg.v,18307): QN

  DFFRX1 \loc_ff_reg[1][1]  ( .D(n634), .CK(clk), .RN(n2001), .Q(\loc_r[1][1] ) );
                          |
ncelab: *W,CUVWSP (./geofence_syn.v,2961|26): 1 output port was not connected:
ncelab: (./tsmc13_neg.v,18307): QN

  DFFRX1 \loc_ff_reg[1][2]  ( .D(n635), .CK(clk), .RN(n2001), .Q(\loc_r[1][2] ) );
                          |
ncelab: *W,CUVWSP (./geofence_syn.v,2962|26): 1 output port was not connected:
ncelab: (./tsmc13_neg.v,18307): QN

  DFFRX1 \loc_ff_reg[1][3]  ( .D(n636), .CK(clk), .RN(n2001), .Q(\loc_r[1][3] ) );
                          |
ncelab: *W,CUVWSP (./geofence_syn.v,2963|26): 1 output port was not connected:
ncelab: (./tsmc13_neg.v,18307): QN

  DFFRX1 \loc_ff_reg[1][0]  ( .D(n664), .CK(clk), .RN(n2003), .Q(\loc_r[1][0] ) );
                          |
ncelab: *W,CUVWSP (./geofence_syn.v,2964|26): 1 output port was not connected:
ncelab: (./tsmc13_neg.v,18307): QN

  DFFRX1 \loc_ff_reg[5][1]  ( .D(n758), .CK(clk), .RN(n1998), .Q(\loc_r[5][1] ) );
                          |
ncelab: *W,CUVWSP (./geofence_syn.v,2965|26): 1 output port was not connected:
ncelab: (./tsmc13_neg.v,18307): QN

  DFFRX1 \loc_ff_reg[5][2]  ( .D(n759), .CK(clk), .RN(n1998), .Q(\loc_r[5][2] ) );
                          |
ncelab: *W,CUVWSP (./geofence_syn.v,2966|26): 1 output port was not connected:
ncelab: (./tsmc13_neg.v,18307): QN

  DFFRX1 \loc_ff_reg[5][3]  ( .D(n760), .CK(clk), .RN(n1998), .Q(\loc_r[5][3] ) );
                          |
ncelab: *W,CUVWSP (./geofence_syn.v,2967|26): 1 output port was not connected:
ncelab: (./tsmc13_neg.v,18307): QN

  DFFRX1 \loc_ff_reg[5][0]  ( .D(n788), .CK(clk), .RN(n2000), .Q(\loc_r[5][0] ) );
                          |
ncelab: *W,CUVWSP (./geofence_syn.v,2968|26): 1 output port was not connected:
ncelab: (./tsmc13_neg.v,18307): QN

  DFFRX1 \loc_ff_reg[2][1]  ( .D(n665), .CK(clk), .RN(n2003), .Q(\loc_r[2][1] ) );
                          |
ncelab: *W,CUVWSP (./geofence_syn.v,2969|26): 1 output port was not connected:
ncelab: (./tsmc13_neg.v,18307): QN

  DFFRX1 \loc_ff_reg[2][2]  ( .D(n666), .CK(clk), .RN(n2003), .Q(\loc_r[2][2] ) );
                          |
ncelab: *W,CUVWSP (./geofence_syn.v,2970|26): 1 output port was not connected:
ncelab: (./tsmc13_neg.v,18307): QN

  DFFRX1 \loc_ff_reg[2][3]  ( .D(n667), .CK(clk), .RN(n2003), .Q(\loc_r[2][3] ) );
                          |
ncelab: *W,CUVWSP (./geofence_syn.v,2971|26): 1 output port was not connected:
ncelab: (./tsmc13_neg.v,18307): QN

  DFFRX1 \loc_ff_reg[2][0]  ( .D(n695), .CK(clk), .RN(n2006), .Q(\loc_r[2][0] ) );
                          |
ncelab: *W,CUVWSP (./geofence_syn.v,2972|26): 1 output port was not connected:
ncelab: (./tsmc13_neg.v,18307): QN

  DFFRX1 \loc_ff_reg[0][1]  ( .D(n603), .CK(clk), .RN(n1993), .Q(\loc_r[0][1] ) );
                          |
ncelab: *W,CUVWSP (./geofence_syn.v,2973|26): 1 output port was not connected:
ncelab: (./tsmc13_neg.v,18307): QN

  DFFRX1 \loc_ff_reg[0][2]  ( .D(n604), .CK(clk), .RN(n1993), .Q(\loc_r[0][2] ) );
                          |
ncelab: *W,CUVWSP (./geofence_syn.v,2974|26): 1 output port was not connected:
ncelab: (./tsmc13_neg.v,18307): QN

  DFFRX1 \loc_ff_reg[0][3]  ( .D(n605), .CK(clk), .RN(n1993), .Q(\loc_r[0][3] ) );
                          |
ncelab: *W,CUVWSP (./geofence_syn.v,2975|26): 1 output port was not connected:
ncelab: (./tsmc13_neg.v,18307): QN

  DFFRX1 \loc_ff_reg[0][0]  ( .D(n633), .CK(clk), .RN(n1995), .Q(\loc_r[0][0] ) );
                          |
ncelab: *W,CUVWSP (./geofence_syn.v,2976|26): 1 output port was not connected:
ncelab: (./tsmc13_neg.v,18307): QN

  DFFRX1 \loc_ff_reg[3][1]  ( .D(n696), .CK(clk), .RN(n1995), .Q(\loc_r[3][1] ) );
                          |
ncelab: *W,CUVWSP (./geofence_syn.v,2977|26): 1 output port was not connected:
ncelab: (./tsmc13_neg.v,18307): QN

  DFFRX1 \loc_ff_reg[3][2]  ( .D(n697), .CK(clk), .RN(n1995), .Q(\loc_r[3][2] ) );
                          |
ncelab: *W,CUVWSP (./geofence_syn.v,2978|26): 1 output port was not connected:
ncelab: (./tsmc13_neg.v,18307): QN

  DFFRX1 \loc_ff_reg[3][3]  ( .D(n698), .CK(clk), .RN(n1996), .Q(\loc_r[3][3] ) );
                          |
ncelab: *W,CUVWSP (./geofence_syn.v,2979|26): 1 output port was not connected:
ncelab: (./tsmc13_neg.v,18307): QN

  DFFRX1 \loc_ff_reg[3][0]  ( .D(n726), .CK(clk), .RN(n1998), .Q(\loc_r[3][0] ) );
                          |
ncelab: *W,CUVWSP (./geofence_syn.v,2980|26): 1 output port was not connected:
ncelab: (./tsmc13_neg.v,18307): QN

  DFFRX1 \polygon_area_reg[12]  ( .D(n842), .CK(clk), .RN(n1983), .Q(
                              |
ncelab: *W,CUVWSP (./geofence_syn.v,2981|30): 1 output port was not connected:
ncelab: (./tsmc13_neg.v,18307): QN

  DFFRX1 \polygon_area_reg[13]  ( .D(n841), .CK(clk), .RN(n1983), .Q(
                              |
ncelab: *W,CUVWSP (./geofence_syn.v,2983|30): 1 output port was not connected:
ncelab: (./tsmc13_neg.v,18307): QN

  DFFRX1 \polygon_area_reg[14]  ( .D(n840), .CK(clk), .RN(n1983), .Q(
                              |
ncelab: *W,CUVWSP (./geofence_syn.v,2985|30): 1 output port was not connected:
ncelab: (./tsmc13_neg.v,18307): QN

  DFFRX1 \polygon_area_reg[15]  ( .D(n839), .CK(clk), .RN(n1983), .Q(
                              |
ncelab: *W,CUVWSP (./geofence_syn.v,2987|30): 1 output port was not connected:
ncelab: (./tsmc13_neg.v,18307): QN

  DFFRX1 \polygon_area_reg[16]  ( .D(n838), .CK(clk), .RN(n1983), .Q(
                              |
ncelab: *W,CUVWSP (./geofence_syn.v,2989|30): 1 output port was not connected:
ncelab: (./tsmc13_neg.v,18307): QN

  DFFRX1 \hero_area_reg[7]  ( .D(n823), .CK(clk), .RN(n1987), .Q(hero_area[7])
                          |
ncelab: *W,CUVWSP (./geofence_syn.v,2991|26): 1 output port was not connected:
ncelab: (./tsmc13_neg.v,18307): QN

  DFFRX1 \hero_area_reg[8]  ( .D(n822), .CK(clk), .RN(n1987), .Q(hero_area[8])
                          |
ncelab: *W,CUVWSP (./geofence_syn.v,2993|26): 1 output port was not connected:
ncelab: (./tsmc13_neg.v,18307): QN

  DFFRX1 \hero_area_reg[9]  ( .D(n821), .CK(clk), .RN(n1987), .Q(hero_area[9])
                          |
ncelab: *W,CUVWSP (./geofence_syn.v,2995|26): 1 output port was not connected:
ncelab: (./tsmc13_neg.v,18307): QN

  DFFRX1 \hero_area_reg[10]  ( .D(n820), .CK(clk), .RN(n1987), .Q(
                           |
ncelab: *W,CUVWSP (./geofence_syn.v,2997|27): 1 output port was not connected:
ncelab: (./tsmc13_neg.v,18307): QN

  DFFRX1 \hero_area_reg[11]  ( .D(n819), .CK(clk), .RN(n1987), .Q(
                           |
ncelab: *W,CUVWSP (./geofence_syn.v,2999|27): 1 output port was not connected:
ncelab: (./tsmc13_neg.v,18307): QN

  DFFRX1 \polygon_area_reg[7]  ( .D(n847), .CK(clk), .RN(n1983), .Q(
                             |
ncelab: *W,CUVWSP (./geofence_syn.v,3001|29): 1 output port was not connected:
ncelab: (./tsmc13_neg.v,18307): QN

  DFFRX1 \polygon_area_reg[8]  ( .D(n846), .CK(clk), .RN(n1983), .Q(
                             |
ncelab: *W,CUVWSP (./geofence_syn.v,3003|29): 1 output port was not connected:
ncelab: (./tsmc13_neg.v,18307): QN

  DFFRX1 \polygon_area_reg[9]  ( .D(n845), .CK(clk), .RN(n1983), .Q(
                             |
ncelab: *W,CUVWSP (./geofence_syn.v,3005|29): 1 output port was not connected:
ncelab: (./tsmc13_neg.v,18307): QN

  DFFRX1 \polygon_area_reg[10]  ( .D(n844), .CK(clk), .RN(n1983), .Q(
                              |
ncelab: *W,CUVWSP (./geofence_syn.v,3007|30): 1 output port was not connected:
ncelab: (./tsmc13_neg.v,18307): QN

  DFFRX1 \polygon_area_reg[11]  ( .D(n843), .CK(clk), .RN(n1983), .Q(
                              |
ncelab: *W,CUVWSP (./geofence_syn.v,3009|30): 1 output port was not connected:
ncelab: (./tsmc13_neg.v,18307): QN

  DFFRX1 \hero_area_reg[2]  ( .D(n828), .CK(clk), .RN(n1986), .Q(hero_area[2])
                          |
ncelab: *W,CUVWSP (./geofence_syn.v,3011|26): 1 output port was not connected:
ncelab: (./tsmc13_neg.v,18307): QN

  DFFRX1 \hero_area_reg[3]  ( .D(n827), .CK(clk), .RN(n1986), .Q(hero_area[3])
                          |
ncelab: *W,CUVWSP (./geofence_syn.v,3013|26): 1 output port was not connected:
ncelab: (./tsmc13_neg.v,18307): QN

  DFFRX1 \hero_area_reg[4]  ( .D(n826), .CK(clk), .RN(n1986), .Q(hero_area[4])
                          |
ncelab: *W,CUVWSP (./geofence_syn.v,3015|26): 1 output port was not connected:
ncelab: (./tsmc13_neg.v,18307): QN

  DFFRX1 \hero_area_reg[5]  ( .D(n825), .CK(clk), .RN(n1986), .Q(hero_area[5])
                          |
ncelab: *W,CUVWSP (./geofence_syn.v,3017|26): 1 output port was not connected:
ncelab: (./tsmc13_neg.v,18307): QN

  DFFRX1 \hero_area_reg[6]  ( .D(n824), .CK(clk), .RN(n1987), .Q(hero_area[6])
                          |
ncelab: *W,CUVWSP (./geofence_syn.v,3019|26): 1 output port was not connected:
ncelab: (./tsmc13_neg.v,18307): QN

  DFFRX1 \polygon_area_reg[2]  ( .D(n852), .CK(clk), .RN(n1982), .Q(
                             |
ncelab: *W,CUVWSP (./geofence_syn.v,3021|29): 1 output port was not connected:
ncelab: (./tsmc13_neg.v,18307): QN

  DFFRX1 \polygon_area_reg[3]  ( .D(n851), .CK(clk), .RN(n1982), .Q(
                             |
ncelab: *W,CUVWSP (./geofence_syn.v,3023|29): 1 output port was not connected:
ncelab: (./tsmc13_neg.v,18307): QN

  DFFRX1 \polygon_area_reg[4]  ( .D(n850), .CK(clk), .RN(n1982), .Q(
                             |
ncelab: *W,CUVWSP (./geofence_syn.v,3025|29): 1 output port was not connected:
ncelab: (./tsmc13_neg.v,18307): QN

  DFFRX1 \polygon_area_reg[5]  ( .D(n849), .CK(clk), .RN(n1982), .Q(
                             |
ncelab: *W,CUVWSP (./geofence_syn.v,3027|29): 1 output port was not connected:
ncelab: (./tsmc13_neg.v,18307): QN

  DFFRX1 \polygon_area_reg[6]  ( .D(n848), .CK(clk), .RN(n1983), .Q(
                             |
ncelab: *W,CUVWSP (./geofence_syn.v,3029|29): 1 output port was not connected:
ncelab: (./tsmc13_neg.v,18307): QN

  DFFRX1 \hero_area_reg[1]  ( .D(n829), .CK(clk), .RN(n1986), .Q(hero_area[1])
                          |
ncelab: *W,CUVWSP (./geofence_syn.v,3031|26): 1 output port was not connected:
ncelab: (./tsmc13_neg.v,18307): QN

  DFFRX1 \hero_area_reg[0]  ( .D(n830), .CK(clk), .RN(n1986), .Q(hero_area[0])
                          |
ncelab: *W,CUVWSP (./geofence_syn.v,3033|26): 1 output port was not connected:
ncelab: (./tsmc13_neg.v,18307): QN

  DFFRX1 \polygon_area_reg[0]  ( .D(n854), .CK(clk), .RN(n1982), .Q(
                             |
ncelab: *W,CUVWSP (./geofence_syn.v,3035|29): 1 output port was not connected:
ncelab: (./tsmc13_neg.v,18307): QN

  DFFRX1 \polygon_area_reg[1]  ( .D(n853), .CK(clk), .RN(n1982), .Q(
                             |
ncelab: *W,CUVWSP (./geofence_syn.v,3037|29): 1 output port was not connected:
ncelab: (./tsmc13_neg.v,18307): QN

  DFFRX1 \s1_ff_reg[10]  ( .D(n2102), .CK(clk), .RN(n1985), .Q(s1_ff[10]) );
                       |
ncelab: *W,CUVWSP (./geofence_syn.v,3039|23): 1 output port was not connected:
ncelab: (./tsmc13_neg.v,18307): QN

  DFFRX1 \s_ff_reg[10]  ( .D(n2123), .CK(clk), .RN(n1989), .Q(s_ff[10]) );
                      |
ncelab: *W,CUVWSP (./geofence_syn.v,3040|22): 1 output port was not connected:
ncelab: (./tsmc13_neg.v,18307): QN

  DFFRX1 \loc_ff_reg[4][20]  ( .D(n746), .CK(clk), .RN(n1992), .Q(
                           |
ncelab: *W,CUVWSP (./geofence_syn.v,3043|27): 1 output port was not connected:
ncelab: (./tsmc13_neg.v,18307): QN

  DFFRX1 \loc_ff_reg[1][20]  ( .D(n653), .CK(clk), .RN(n2002), .Q(
                           |
ncelab: *W,CUVWSP (./geofence_syn.v,3045|27): 1 output port was not connected:
ncelab: (./tsmc13_neg.v,18307): QN

  DFFRX1 \loc_ff_reg[2][20]  ( .D(n684), .CK(clk), .RN(n2005), .Q(
                           |
ncelab: *W,CUVWSP (./geofence_syn.v,3047|27): 1 output port was not connected:
ncelab: (./tsmc13_neg.v,18307): QN

  DFFRX1 \loc_ff_reg[0][20]  ( .D(n622), .CK(clk), .RN(n1994), .Q(
                           |
ncelab: *W,CUVWSP (./geofence_syn.v,3049|27): 1 output port was not connected:
ncelab: (./tsmc13_neg.v,18307): QN

  DFFRX1 \loc_ff_reg[3][20]  ( .D(n715), .CK(clk), .RN(n1997), .Q(
                           |
ncelab: *W,CUVWSP (./geofence_syn.v,3051|27): 1 output port was not connected:
ncelab: (./tsmc13_neg.v,18307): QN

  DFFRX1 \s1_ff_reg[8]  ( .D(n2104), .CK(clk), .RN(n1985), .Q(s1_ff[8]) );
                      |
ncelab: *W,CUVWSP (./geofence_syn.v,3053|22): 1 output port was not connected:
ncelab: (./tsmc13_neg.v,18307): QN

  DFFRX1 \s_ff_reg[8]  ( .D(n2125), .CK(clk), .RN(n1989), .Q(s_ff[8]) );
                     |
ncelab: *W,CUVWSP (./geofence_syn.v,3054|21): 1 output port was not connected:
ncelab: (./tsmc13_neg.v,18307): QN

  DFFRX1 \s1_ff_reg[9]  ( .D(n2103), .CK(clk), .RN(n1985), .Q(s1_ff[9]) );
                      |
ncelab: *W,CUVWSP (./geofence_syn.v,3055|22): 1 output port was not connected:
ncelab: (./tsmc13_neg.v,18307): QN

  DFFRX1 \s_ff_reg[9]  ( .D(n2124), .CK(clk), .RN(n1989), .Q(s_ff[9]) );
                     |
ncelab: *W,CUVWSP (./geofence_syn.v,3056|21): 1 output port was not connected:
ncelab: (./tsmc13_neg.v,18307): QN

  DFFRX1 \loc_ff_reg[4][18]  ( .D(n744), .CK(clk), .RN(n1992), .Q(
                           |
ncelab: *W,CUVWSP (./geofence_syn.v,3065|27): 1 output port was not connected:
ncelab: (./tsmc13_neg.v,18307): QN

  DFFRX1 \loc_ff_reg[4][19]  ( .D(n745), .CK(clk), .RN(n1992), .Q(
                           |
ncelab: *W,CUVWSP (./geofence_syn.v,3067|27): 1 output port was not connected:
ncelab: (./tsmc13_neg.v,18307): QN

  DFFRX1 \loc_ff_reg[4][29]  ( .D(n755), .CK(clk), .RN(n1992), .Q(
                           |
ncelab: *W,CUVWSP (./geofence_syn.v,3069|27): 1 output port was not connected:
ncelab: (./tsmc13_neg.v,18307): QN

  DFFRX1 \loc_ff_reg[4][30]  ( .D(n756), .CK(clk), .RN(n1993), .Q(
                           |
ncelab: *W,CUVWSP (./geofence_syn.v,3071|27): 1 output port was not connected:
ncelab: (./tsmc13_neg.v,18307): QN

  DFFRX1 \loc_ff_reg[1][18]  ( .D(n651), .CK(clk), .RN(n2002), .Q(
                           |
ncelab: *W,CUVWSP (./geofence_syn.v,3073|27): 1 output port was not connected:
ncelab: (./tsmc13_neg.v,18307): QN

  DFFRX1 \loc_ff_reg[1][19]  ( .D(n652), .CK(clk), .RN(n2002), .Q(
                           |
ncelab: *W,CUVWSP (./geofence_syn.v,3075|27): 1 output port was not connected:
ncelab: (./tsmc13_neg.v,18307): QN

  DFFRX1 \loc_ff_reg[1][29]  ( .D(n662), .CK(clk), .RN(n2003), .Q(
                           |
ncelab: *W,CUVWSP (./geofence_syn.v,3077|27): 1 output port was not connected:
ncelab: (./tsmc13_neg.v,18307): QN

  DFFRX1 \loc_ff_reg[1][30]  ( .D(n663), .CK(clk), .RN(n2003), .Q(
                           |
ncelab: *W,CUVWSP (./geofence_syn.v,3079|27): 1 output port was not connected:
ncelab: (./tsmc13_neg.v,18307): QN

  DFFRX1 \loc_ff_reg[2][18]  ( .D(n682), .CK(clk), .RN(n2005), .Q(
                           |
ncelab: *W,CUVWSP (./geofence_syn.v,3081|27): 1 output port was not connected:
ncelab: (./tsmc13_neg.v,18307): QN

  DFFRX1 \loc_ff_reg[2][19]  ( .D(n683), .CK(clk), .RN(n2005), .Q(
                           |
ncelab: *W,CUVWSP (./geofence_syn.v,3083|27): 1 output port was not connected:
ncelab: (./tsmc13_neg.v,18307): QN

  DFFRX1 \loc_ff_reg[2][28]  ( .D(n692), .CK(clk), .RN(n2005), .Q(
                           |
ncelab: *W,CUVWSP (./geofence_syn.v,3085|27): 1 output port was not connected:
ncelab: (./tsmc13_neg.v,18307): QN

  DFFRX1 \loc_ff_reg[2][29]  ( .D(n693), .CK(clk), .RN(n2005), .Q(
                           |
ncelab: *W,CUVWSP (./geofence_syn.v,3087|27): 1 output port was not connected:
ncelab: (./tsmc13_neg.v,18307): QN

  DFFRX1 \loc_ff_reg[2][30]  ( .D(n694), .CK(clk), .RN(n2006), .Q(
                           |
ncelab: *W,CUVWSP (./geofence_syn.v,3089|27): 1 output port was not connected:
ncelab: (./tsmc13_neg.v,18307): QN

  DFFRX1 \loc_ff_reg[0][18]  ( .D(n620), .CK(clk), .RN(n1994), .Q(
                           |
ncelab: *W,CUVWSP (./geofence_syn.v,3091|27): 1 output port was not connected:
ncelab: (./tsmc13_neg.v,18307): QN

  DFFRX1 \loc_ff_reg[0][19]  ( .D(n621), .CK(clk), .RN(n1994), .Q(
                           |
ncelab: *W,CUVWSP (./geofence_syn.v,3093|27): 1 output port was not connected:
ncelab: (./tsmc13_neg.v,18307): QN

  DFFRX1 \loc_ff_reg[0][29]  ( .D(n631), .CK(clk), .RN(n1995), .Q(
                           |
ncelab: *W,CUVWSP (./geofence_syn.v,3095|27): 1 output port was not connected:
ncelab: (./tsmc13_neg.v,18307): QN

  DFFRX1 \loc_ff_reg[0][30]  ( .D(n632), .CK(clk), .RN(n1995), .Q(
                           |
ncelab: *W,CUVWSP (./geofence_syn.v,3097|27): 1 output port was not connected:
ncelab: (./tsmc13_neg.v,18307): QN

  DFFRX1 \loc_ff_reg[3][18]  ( .D(n713), .CK(clk), .RN(n1997), .Q(
                           |
ncelab: *W,CUVWSP (./geofence_syn.v,3099|27): 1 output port was not connected:
ncelab: (./tsmc13_neg.v,18307): QN

  DFFRX1 \loc_ff_reg[3][19]  ( .D(n714), .CK(clk), .RN(n1997), .Q(
                           |
ncelab: *W,CUVWSP (./geofence_syn.v,3101|27): 1 output port was not connected:
ncelab: (./tsmc13_neg.v,18307): QN

  DFFRX1 \loc_ff_reg[3][29]  ( .D(n724), .CK(clk), .RN(n1998), .Q(
                           |
ncelab: *W,CUVWSP (./geofence_syn.v,3103|27): 1 output port was not connected:
ncelab: (./tsmc13_neg.v,18307): QN

  DFFRX1 \loc_ff_reg[3][30]  ( .D(n725), .CK(clk), .RN(n1998), .Q(
                           |
ncelab: *W,CUVWSP (./geofence_syn.v,3105|27): 1 output port was not connected:
ncelab: (./tsmc13_neg.v,18307): QN

  DFFRX1 \s1_ff_reg[6]  ( .D(n2106), .CK(clk), .RN(n1984), .Q(s1_ff[6]) );
                      |
ncelab: *W,CUVWSP (./geofence_syn.v,3107|22): 1 output port was not connected:
ncelab: (./tsmc13_neg.v,18307): QN

  DFFRX1 \s_ff_reg[6]  ( .D(n2127), .CK(clk), .RN(n1990), .Q(s_ff[6]) );
                     |
ncelab: *W,CUVWSP (./geofence_syn.v,3108|21): 1 output port was not connected:
ncelab: (./tsmc13_neg.v,18307): QN

  DFFRX1 \s1_ff_reg[7]  ( .D(n2105), .CK(clk), .RN(n1985), .Q(s1_ff[7]) );
                      |
ncelab: *W,CUVWSP (./geofence_syn.v,3109|22): 1 output port was not connected:
ncelab: (./tsmc13_neg.v,18307): QN

  DFFRX1 \s_ff_reg[7]  ( .D(n2126), .CK(clk), .RN(n1989), .Q(s_ff[7]) );
                     |
ncelab: *W,CUVWSP (./geofence_syn.v,3110|21): 1 output port was not connected:
ncelab: (./tsmc13_neg.v,18307): QN

  DFFRX1 \loc_ff_reg[4][16]  ( .D(n742), .CK(clk), .RN(n1991), .Q(
                           |
ncelab: *W,CUVWSP (./geofence_syn.v,3119|27): 1 output port was not connected:
ncelab: (./tsmc13_neg.v,18307): QN

  DFFRX1 \loc_ff_reg[4][17]  ( .D(n743), .CK(clk), .RN(n1991), .Q(
                           |
ncelab: *W,CUVWSP (./geofence_syn.v,3121|27): 1 output port was not connected:
ncelab: (./tsmc13_neg.v,18307): QN

  DFFRX1 \loc_ff_reg[4][27]  ( .D(n753), .CK(clk), .RN(n1992), .Q(
                           |
ncelab: *W,CUVWSP (./geofence_syn.v,3123|27): 1 output port was not connected:
ncelab: (./tsmc13_neg.v,18307): QN

  DFFRX1 \loc_ff_reg[4][28]  ( .D(n754), .CK(clk), .RN(n1992), .Q(
                           |
ncelab: *W,CUVWSP (./geofence_syn.v,3125|27): 1 output port was not connected:
ncelab: (./tsmc13_neg.v,18307): QN

  DFFRX1 \loc_ff_reg[1][16]  ( .D(n649), .CK(clk), .RN(n2002), .Q(
                           |
ncelab: *W,CUVWSP (./geofence_syn.v,3127|27): 1 output port was not connected:
ncelab: (./tsmc13_neg.v,18307): QN

  DFFRX1 \loc_ff_reg[1][17]  ( .D(n650), .CK(clk), .RN(n2002), .Q(
                           |
ncelab: *W,CUVWSP (./geofence_syn.v,3129|27): 1 output port was not connected:
ncelab: (./tsmc13_neg.v,18307): QN

  DFFRX1 \loc_ff_reg[1][27]  ( .D(n660), .CK(clk), .RN(n2003), .Q(
                           |
ncelab: *W,CUVWSP (./geofence_syn.v,3131|27): 1 output port was not connected:
ncelab: (./tsmc13_neg.v,18307): QN

  DFFRX1 \loc_ff_reg[1][28]  ( .D(n661), .CK(clk), .RN(n2003), .Q(
                           |
ncelab: *W,CUVWSP (./geofence_syn.v,3133|27): 1 output port was not connected:
ncelab: (./tsmc13_neg.v,18307): QN

  DFFRX1 \loc_ff_reg[2][16]  ( .D(n680), .CK(clk), .RN(n2004), .Q(
                           |
ncelab: *W,CUVWSP (./geofence_syn.v,3135|27): 1 output port was not connected:
ncelab: (./tsmc13_neg.v,18307): QN

  DFFRX1 \loc_ff_reg[2][17]  ( .D(n681), .CK(clk), .RN(n2004), .Q(
                           |
ncelab: *W,CUVWSP (./geofence_syn.v,3137|27): 1 output port was not connected:
ncelab: (./tsmc13_neg.v,18307): QN

  DFFRX1 \loc_ff_reg[2][27]  ( .D(n691), .CK(clk), .RN(n2005), .Q(
                           |
ncelab: *W,CUVWSP (./geofence_syn.v,3139|27): 1 output port was not connected:
ncelab: (./tsmc13_neg.v,18307): QN

  DFFRX1 \loc_ff_reg[0][16]  ( .D(n618), .CK(clk), .RN(n1994), .Q(
                           |
ncelab: *W,CUVWSP (./geofence_syn.v,3141|27): 1 output port was not connected:
ncelab: (./tsmc13_neg.v,18307): QN

  DFFRX1 \loc_ff_reg[0][17]  ( .D(n619), .CK(clk), .RN(n1994), .Q(
                           |
ncelab: *W,CUVWSP (./geofence_syn.v,3143|27): 1 output port was not connected:
ncelab: (./tsmc13_neg.v,18307): QN

  DFFRX1 \loc_ff_reg[0][27]  ( .D(n629), .CK(clk), .RN(n1995), .Q(
                           |
ncelab: *W,CUVWSP (./geofence_syn.v,3145|27): 1 output port was not connected:
ncelab: (./tsmc13_neg.v,18307): QN

  DFFRX1 \loc_ff_reg[0][28]  ( .D(n630), .CK(clk), .RN(n1995), .Q(
                           |
ncelab: *W,CUVWSP (./geofence_syn.v,3147|27): 1 output port was not connected:
ncelab: (./tsmc13_neg.v,18307): QN

  DFFRX1 \loc_ff_reg[3][16]  ( .D(n711), .CK(clk), .RN(n1997), .Q(
                           |
ncelab: *W,CUVWSP (./geofence_syn.v,3149|27): 1 output port was not connected:
ncelab: (./tsmc13_neg.v,18307): QN

  DFFRX1 \loc_ff_reg[3][17]  ( .D(n712), .CK(clk), .RN(n1997), .Q(
                           |
ncelab: *W,CUVWSP (./geofence_syn.v,3151|27): 1 output port was not connected:
ncelab: (./tsmc13_neg.v,18307): QN

  DFFRX1 \loc_ff_reg[3][27]  ( .D(n722), .CK(clk), .RN(n1998), .Q(
                           |
ncelab: *W,CUVWSP (./geofence_syn.v,3153|27): 1 output port was not connected:
ncelab: (./tsmc13_neg.v,18307): QN

  DFFRX1 \loc_ff_reg[3][28]  ( .D(n723), .CK(clk), .RN(n1998), .Q(
                           |
ncelab: *W,CUVWSP (./geofence_syn.v,3155|27): 1 output port was not connected:
ncelab: (./tsmc13_neg.v,18307): QN

  DFFRX1 \s1_ff_reg[2]  ( .D(n2110), .CK(clk), .RN(n1984), .Q(s1_ff[2]) );
                      |
ncelab: *W,CUVWSP (./geofence_syn.v,3157|22): 1 output port was not connected:
ncelab: (./tsmc13_neg.v,18307): QN

  DFFRX1 \s1_ff_reg[4]  ( .D(n2108), .CK(clk), .RN(n1984), .Q(s1_ff[4]) );
                      |
ncelab: *W,CUVWSP (./geofence_syn.v,3158|22): 1 output port was not connected:
ncelab: (./tsmc13_neg.v,18307): QN

  DFFRX1 \s_ff_reg[4]  ( .D(n2129), .CK(clk), .RN(n1990), .Q(s_ff[4]) );
                     |
ncelab: *W,CUVWSP (./geofence_syn.v,3159|21): 1 output port was not connected:
ncelab: (./tsmc13_neg.v,18307): QN

  DFFRX1 \s_ff_reg[2]  ( .D(n2131), .CK(clk), .RN(n1990), .Q(s_ff[2]) );
                     |
ncelab: *W,CUVWSP (./geofence_syn.v,3160|21): 1 output port was not connected:
ncelab: (./tsmc13_neg.v,18307): QN

  DFFRX1 \s1_ff_reg[0]  ( .D(n2101), .CK(clk), .RN(n1986), .Q(s1_ff[0]) );
                      |
ncelab: *W,CUVWSP (./geofence_syn.v,3161|22): 1 output port was not connected:
ncelab: (./tsmc13_neg.v,18307): QN

  DFFRX1 \s_ff_reg[0]  ( .D(n2133), .CK(clk), .RN(n1990), .Q(s_ff[0]) );
                     |
ncelab: *W,CUVWSP (./geofence_syn.v,3162|21): 1 output port was not connected:
ncelab: (./tsmc13_neg.v,18307): QN

  DFFRX1 \s1_ff_reg[3]  ( .D(n2109), .CK(clk), .RN(n1984), .Q(s1_ff[3]) );
                      |
ncelab: *W,CUVWSP (./geofence_syn.v,3163|22): 1 output port was not connected:
ncelab: (./tsmc13_neg.v,18307): QN

  DFFRX1 \s1_ff_reg[5]  ( .D(n2107), .CK(clk), .RN(n1984), .Q(s1_ff[5]) );
                      |
ncelab: *W,CUVWSP (./geofence_syn.v,3164|22): 1 output port was not connected:
ncelab: (./tsmc13_neg.v,18307): QN

  DFFRX1 \s_ff_reg[5]  ( .D(n2128), .CK(clk), .RN(n1990), .Q(s_ff[5]) );
                     |
ncelab: *W,CUVWSP (./geofence_syn.v,3165|21): 1 output port was not connected:
ncelab: (./tsmc13_neg.v,18307): QN

  DFFRX1 \s_ff_reg[3]  ( .D(n2130), .CK(clk), .RN(n1990), .Q(s_ff[3]) );
                     |
ncelab: *W,CUVWSP (./geofence_syn.v,3166|21): 1 output port was not connected:
ncelab: (./tsmc13_neg.v,18307): QN

  DFFRX1 \loc_ff_reg[4][12]  ( .D(n738), .CK(clk), .RN(n1991), .Q(
                           |
ncelab: *W,CUVWSP (./geofence_syn.v,3185|27): 1 output port was not connected:
ncelab: (./tsmc13_neg.v,18307): QN

  DFFRX1 \loc_ff_reg[4][13]  ( .D(n739), .CK(clk), .RN(n1991), .Q(
                           |
ncelab: *W,CUVWSP (./geofence_syn.v,3187|27): 1 output port was not connected:
ncelab: (./tsmc13_neg.v,18307): QN

  DFFRX1 \loc_ff_reg[4][14]  ( .D(n740), .CK(clk), .RN(n1991), .Q(
                           |
ncelab: *W,CUVWSP (./geofence_syn.v,3189|27): 1 output port was not connected:
ncelab: (./tsmc13_neg.v,18307): QN

  DFFRX1 \loc_ff_reg[4][15]  ( .D(n741), .CK(clk), .RN(n1991), .Q(
                           |
ncelab: *W,CUVWSP (./geofence_syn.v,3191|27): 1 output port was not connected:
ncelab: (./tsmc13_neg.v,18307): QN

  DFFRX1 \loc_ff_reg[4][24]  ( .D(n750), .CK(clk), .RN(n1992), .Q(
                           |
ncelab: *W,CUVWSP (./geofence_syn.v,3193|27): 1 output port was not connected:
ncelab: (./tsmc13_neg.v,18307): QN

  DFFRX1 \loc_ff_reg[4][25]  ( .D(n751), .CK(clk), .RN(n1992), .Q(
                           |
ncelab: *W,CUVWSP (./geofence_syn.v,3195|27): 1 output port was not connected:
ncelab: (./tsmc13_neg.v,18307): QN

  DFFRX1 \loc_ff_reg[4][26]  ( .D(n752), .CK(clk), .RN(n1992), .Q(
                           |
ncelab: *W,CUVWSP (./geofence_syn.v,3197|27): 1 output port was not connected:
ncelab: (./tsmc13_neg.v,18307): QN

  DFFRX1 \loc_ff_reg[1][12]  ( .D(n645), .CK(clk), .RN(n2001), .Q(
                           |
ncelab: *W,CUVWSP (./geofence_syn.v,3199|27): 1 output port was not connected:
ncelab: (./tsmc13_neg.v,18307): QN

  DFFRX1 \loc_ff_reg[1][13]  ( .D(n646), .CK(clk), .RN(n2002), .Q(
                           |
ncelab: *W,CUVWSP (./geofence_syn.v,3201|27): 1 output port was not connected:
ncelab: (./tsmc13_neg.v,18307): QN

  DFFRX1 \loc_ff_reg[1][14]  ( .D(n647), .CK(clk), .RN(n2002), .Q(
                           |
ncelab: *W,CUVWSP (./geofence_syn.v,3203|27): 1 output port was not connected:
ncelab: (./tsmc13_neg.v,18307): QN

  DFFRX1 \loc_ff_reg[1][15]  ( .D(n648), .CK(clk), .RN(n2002), .Q(
                           |
ncelab: *W,CUVWSP (./geofence_syn.v,3205|27): 1 output port was not connected:
ncelab: (./tsmc13_neg.v,18307): QN

  DFFRX1 \loc_ff_reg[1][24]  ( .D(n657), .CK(clk), .RN(n2002), .Q(
                           |
ncelab: *W,CUVWSP (./geofence_syn.v,3207|27): 1 output port was not connected:
ncelab: (./tsmc13_neg.v,18307): QN

  DFFRX1 \loc_ff_reg[1][25]  ( .D(n658), .CK(clk), .RN(n2003), .Q(
                           |
ncelab: *W,CUVWSP (./geofence_syn.v,3209|27): 1 output port was not connected:
ncelab: (./tsmc13_neg.v,18307): QN

  DFFRX1 \loc_ff_reg[1][26]  ( .D(n659), .CK(clk), .RN(n2003), .Q(
                           |
ncelab: *W,CUVWSP (./geofence_syn.v,3211|27): 1 output port was not connected:
ncelab: (./tsmc13_neg.v,18307): QN

  DFFRX1 \loc_ff_reg[2][11]  ( .D(n675), .CK(clk), .RN(n2004), .Q(
                           |
ncelab: *W,CUVWSP (./geofence_syn.v,3213|27): 1 output port was not connected:
ncelab: (./tsmc13_neg.v,18307): QN

  DFFRX1 \loc_ff_reg[2][12]  ( .D(n676), .CK(clk), .RN(n2004), .Q(
                           |
ncelab: *W,CUVWSP (./geofence_syn.v,3215|27): 1 output port was not connected:
ncelab: (./tsmc13_neg.v,18307): QN

  DFFRX1 \loc_ff_reg[2][13]  ( .D(n677), .CK(clk), .RN(n2004), .Q(
                           |
ncelab: *W,CUVWSP (./geofence_syn.v,3217|27): 1 output port was not connected:
ncelab: (./tsmc13_neg.v,18307): QN

  DFFRX1 \loc_ff_reg[2][14]  ( .D(n678), .CK(clk), .RN(n2004), .Q(
                           |
ncelab: *W,CUVWSP (./geofence_syn.v,3219|27): 1 output port was not connected:
ncelab: (./tsmc13_neg.v,18307): QN

  DFFRX1 \loc_ff_reg[2][15]  ( .D(n679), .CK(clk), .RN(n2004), .Q(
                           |
ncelab: *W,CUVWSP (./geofence_syn.v,3221|27): 1 output port was not connected:
ncelab: (./tsmc13_neg.v,18307): QN

  DFFRX1 \loc_ff_reg[2][23]  ( .D(n687), .CK(clk), .RN(n2005), .Q(
                           |
ncelab: *W,CUVWSP (./geofence_syn.v,3223|27): 1 output port was not connected:
ncelab: (./tsmc13_neg.v,18307): QN

  DFFRX1 \loc_ff_reg[2][24]  ( .D(n688), .CK(clk), .RN(n2005), .Q(
                           |
ncelab: *W,CUVWSP (./geofence_syn.v,3225|27): 1 output port was not connected:
ncelab: (./tsmc13_neg.v,18307): QN

  DFFRX1 \loc_ff_reg[2][25]  ( .D(n689), .CK(clk), .RN(n2005), .Q(
                           |
ncelab: *W,CUVWSP (./geofence_syn.v,3227|27): 1 output port was not connected:
ncelab: (./tsmc13_neg.v,18307): QN

  DFFRX1 \loc_ff_reg[2][26]  ( .D(n690), .CK(clk), .RN(n2005), .Q(
                           |
ncelab: *W,CUVWSP (./geofence_syn.v,3229|27): 1 output port was not connected:
ncelab: (./tsmc13_neg.v,18307): QN

  DFFRX1 \loc_ff_reg[0][12]  ( .D(n614), .CK(clk), .RN(n1994), .Q(
                           |
ncelab: *W,CUVWSP (./geofence_syn.v,3231|27): 1 output port was not connected:
ncelab: (./tsmc13_neg.v,18307): QN

  DFFRX1 \loc_ff_reg[0][13]  ( .D(n615), .CK(clk), .RN(n1994), .Q(
                           |
ncelab: *W,CUVWSP (./geofence_syn.v,3233|27): 1 output port was not connected:
ncelab: (./tsmc13_neg.v,18307): QN

  DFFRX1 \loc_ff_reg[0][14]  ( .D(n616), .CK(clk), .RN(n1994), .Q(
                           |
ncelab: *W,CUVWSP (./geofence_syn.v,3235|27): 1 output port was not connected:
ncelab: (./tsmc13_neg.v,18307): QN

  DFFRX1 \loc_ff_reg[0][15]  ( .D(n617), .CK(clk), .RN(n1994), .Q(
                           |
ncelab: *W,CUVWSP (./geofence_syn.v,3237|27): 1 output port was not connected:
ncelab: (./tsmc13_neg.v,18307): QN

  DFFRX1 \loc_ff_reg[0][23]  ( .D(n625), .CK(clk), .RN(n1995), .Q(
                           |
ncelab: *W,CUVWSP (./geofence_syn.v,3239|27): 1 output port was not connected:
ncelab: (./tsmc13_neg.v,18307): QN

  DFFRX1 \loc_ff_reg[0][24]  ( .D(n626), .CK(clk), .RN(n1995), .Q(
                           |
ncelab: *W,CUVWSP (./geofence_syn.v,3241|27): 1 output port was not connected:
ncelab: (./tsmc13_neg.v,18307): QN

  DFFRX1 \loc_ff_reg[0][25]  ( .D(n627), .CK(clk), .RN(n1995), .Q(
                           |
ncelab: *W,CUVWSP (./geofence_syn.v,3243|27): 1 output port was not connected:
ncelab: (./tsmc13_neg.v,18307): QN

  DFFRX1 \loc_ff_reg[0][26]  ( .D(n628), .CK(clk), .RN(n1995), .Q(
                           |
ncelab: *W,CUVWSP (./geofence_syn.v,3245|27): 1 output port was not connected:
ncelab: (./tsmc13_neg.v,18307): QN

  DFFRX1 \loc_ff_reg[3][12]  ( .D(n707), .CK(clk), .RN(n1996), .Q(
                           |
ncelab: *W,CUVWSP (./geofence_syn.v,3247|27): 1 output port was not connected:
ncelab: (./tsmc13_neg.v,18307): QN

  DFFRX1 \loc_ff_reg[3][13]  ( .D(n708), .CK(clk), .RN(n1996), .Q(
                           |
ncelab: *W,CUVWSP (./geofence_syn.v,3249|27): 1 output port was not connected:
ncelab: (./tsmc13_neg.v,18307): QN

  DFFRX1 \loc_ff_reg[3][14]  ( .D(n709), .CK(clk), .RN(n1996), .Q(
                           |
ncelab: *W,CUVWSP (./geofence_syn.v,3251|27): 1 output port was not connected:
ncelab: (./tsmc13_neg.v,18307): QN

  DFFRX1 \loc_ff_reg[3][15]  ( .D(n710), .CK(clk), .RN(n1997), .Q(
                           |
ncelab: *W,CUVWSP (./geofence_syn.v,3253|27): 1 output port was not connected:
ncelab: (./tsmc13_neg.v,18307): QN

  DFFRX1 \loc_ff_reg[3][24]  ( .D(n719), .CK(clk), .RN(n1997), .Q(
                           |
ncelab: *W,CUVWSP (./geofence_syn.v,3255|27): 1 output port was not connected:
ncelab: (./tsmc13_neg.v,18307): QN

  DFFRX1 \loc_ff_reg[3][25]  ( .D(n720), .CK(clk), .RN(n1997), .Q(
                           |
ncelab: *W,CUVWSP (./geofence_syn.v,3257|27): 1 output port was not connected:
ncelab: (./tsmc13_neg.v,18307): QN

  DFFRX1 \loc_ff_reg[3][26]  ( .D(n721), .CK(clk), .RN(n1997), .Q(
                           |
ncelab: *W,CUVWSP (./geofence_syn.v,3259|27): 1 output port was not connected:
ncelab: (./tsmc13_neg.v,18307): QN

  DFFRX1 \loc_ff_reg[4][11]  ( .D(n737), .CK(clk), .RN(n1991), .Q(
                           |
ncelab: *W,CUVWSP (./geofence_syn.v,3267|27): 1 output port was not connected:
ncelab: (./tsmc13_neg.v,18307): QN

  DFFRX1 \loc_ff_reg[4][21]  ( .D(n747), .CK(clk), .RN(n1992), .Q(
                           |
ncelab: *W,CUVWSP (./geofence_syn.v,3269|27): 1 output port was not connected:
ncelab: (./tsmc13_neg.v,18307): QN

  DFFRX1 \loc_ff_reg[4][22]  ( .D(n748), .CK(clk), .RN(n1992), .Q(
                           |
ncelab: *W,CUVWSP (./geofence_syn.v,3271|27): 1 output port was not connected:
ncelab: (./tsmc13_neg.v,18307): QN

  DFFRX1 \loc_ff_reg[4][23]  ( .D(n749), .CK(clk), .RN(n1992), .Q(
                           |
ncelab: *W,CUVWSP (./geofence_syn.v,3273|27): 1 output port was not connected:
ncelab: (./tsmc13_neg.v,18307): QN

  DFFRX1 \loc_ff_reg[1][11]  ( .D(n644), .CK(clk), .RN(n2001), .Q(
                           |
ncelab: *W,CUVWSP (./geofence_syn.v,3275|27): 1 output port was not connected:
ncelab: (./tsmc13_neg.v,18307): QN

  DFFRX1 \loc_ff_reg[1][21]  ( .D(n654), .CK(clk), .RN(n2002), .Q(
                           |
ncelab: *W,CUVWSP (./geofence_syn.v,3277|27): 1 output port was not connected:
ncelab: (./tsmc13_neg.v,18307): QN

  DFFRX1 \loc_ff_reg[1][22]  ( .D(n655), .CK(clk), .RN(n2002), .Q(
                           |
ncelab: *W,CUVWSP (./geofence_syn.v,3279|27): 1 output port was not connected:
ncelab: (./tsmc13_neg.v,18307): QN

  DFFRX1 \loc_ff_reg[1][23]  ( .D(n656), .CK(clk), .RN(n2002), .Q(
                           |
ncelab: *W,CUVWSP (./geofence_syn.v,3281|27): 1 output port was not connected:
ncelab: (./tsmc13_neg.v,18307): QN

  DFFRX1 \loc_ff_reg[2][21]  ( .D(n685), .CK(clk), .RN(n2005), .Q(
                           |
ncelab: *W,CUVWSP (./geofence_syn.v,3283|27): 1 output port was not connected:
ncelab: (./tsmc13_neg.v,18307): QN

  DFFRX1 \loc_ff_reg[2][22]  ( .D(n686), .CK(clk), .RN(n2005), .Q(
                           |
ncelab: *W,CUVWSP (./geofence_syn.v,3285|27): 1 output port was not connected:
ncelab: (./tsmc13_neg.v,18307): QN

  DFFRX1 \loc_ff_reg[0][11]  ( .D(n613), .CK(clk), .RN(n1994), .Q(
                           |
ncelab: *W,CUVWSP (./geofence_syn.v,3287|27): 1 output port was not connected:
ncelab: (./tsmc13_neg.v,18307): QN

  DFFRX1 \loc_ff_reg[0][21]  ( .D(n623), .CK(clk), .RN(n1994), .Q(
                           |
ncelab: *W,CUVWSP (./geofence_syn.v,3289|27): 1 output port was not connected:
ncelab: (./tsmc13_neg.v,18307): QN

  DFFRX1 \loc_ff_reg[0][22]  ( .D(n624), .CK(clk), .RN(n1995), .Q(
                           |
ncelab: *W,CUVWSP (./geofence_syn.v,3291|27): 1 output port was not connected:
ncelab: (./tsmc13_neg.v,18307): QN

  DFFRX1 \loc_ff_reg[3][11]  ( .D(n706), .CK(clk), .RN(n1996), .Q(
                           |
ncelab: *W,CUVWSP (./geofence_syn.v,3293|27): 1 output port was not connected:
ncelab: (./tsmc13_neg.v,18307): QN

  DFFRX1 \loc_ff_reg[3][21]  ( .D(n716), .CK(clk), .RN(n1997), .Q(
                           |
ncelab: *W,CUVWSP (./geofence_syn.v,3295|27): 1 output port was not connected:
ncelab: (./tsmc13_neg.v,18307): QN

  DFFRX1 \loc_ff_reg[3][22]  ( .D(n717), .CK(clk), .RN(n1997), .Q(
                           |
ncelab: *W,CUVWSP (./geofence_syn.v,3297|27): 1 output port was not connected:
ncelab: (./tsmc13_neg.v,18307): QN

  DFFRX1 \loc_ff_reg[3][23]  ( .D(n718), .CK(clk), .RN(n1997), .Q(
                           |
ncelab: *W,CUVWSP (./geofence_syn.v,3299|27): 1 output port was not connected:
ncelab: (./tsmc13_neg.v,18307): QN

  DFFRX1 \polygon_area_reg[23]  ( .D(n831), .CK(clk), .RN(n1984), .Q(
                              |
ncelab: *W,CUVWSP (./geofence_syn.v,3351|30): 1 output port was not connected:
ncelab: (./tsmc13_neg.v,18307): QN

  DFFRX1 \s1_ff_reg[1]  ( .D(n2111), .CK(clk), .RN(n1984), .Q(s1_ff[1]) );
                      |
ncelab: *W,CUVWSP (./geofence_syn.v,3353|22): 1 output port was not connected:
ncelab: (./tsmc13_neg.v,18307): QN

  DFFRX1 \s_ff_reg[1]  ( .D(n2132), .CK(clk), .RN(n1990), .Q(s_ff[1]) );
                     |
ncelab: *W,CUVWSP (./geofence_syn.v,3354|21): 1 output port was not connected:
ncelab: (./tsmc13_neg.v,18307): QN

  DFFRX1 is_inside_reg ( .D(N604), .CK(clk), .RN(n1988), .QN(n1806) );
                     |
ncelab: *W,CUVWSP (./geofence_syn.v,3361|21): 1 output port was not connected:
ncelab: (./tsmc13_neg.v,18307): Q

  DFFRX1 valid_reg ( .D(N1518), .CK(clk), .RN(n1982), .QN(n1807) );
                 |
ncelab: *W,CUVWSP (./geofence_syn.v,3362|17): 1 output port was not connected:
ncelab: (./tsmc13_neg.v,18307): Q

  DFFRX4 \s0_ff_reg[0]  ( .D(n802), .CK(clk), .RN(n1989), .Q(s0_ff[0]) );
                      |
ncelab: *W,CUVWSP (./geofence_syn.v,3365|22): 1 output port was not connected:
ncelab: (./tsmc13_neg.v,18445): QN

  DFFRX4 \s2_ff_reg[0]  ( .D(n2122), .CK(clk), .RN(n1985), .Q(s2_ff[0]) );
                      |
ncelab: *W,CUVWSP (./geofence_syn.v,3366|22): 1 output port was not connected:
ncelab: (./tsmc13_neg.v,18445): QN

  DFFRX2 \s1_ff_reg[11]  ( .D(n790), .CK(clk), .RN(n1985), .Q(s1_ff[11]) );
                       |
ncelab: *W,CUVWSP (./geofence_syn.v,3367|23): 1 output port was not connected:
ncelab: (./tsmc13_neg.v,18376): QN

  DFFRX2 \s_ff_reg[11]  ( .D(n789), .CK(clk), .RN(n1989), .Q(s_ff[11]) );
                      |
ncelab: *W,CUVWSP (./geofence_syn.v,3368|22): 1 output port was not connected:
ncelab: (./tsmc13_neg.v,18376): QN

  DFFRX2 \s0_ff_reg[10]  ( .D(n801), .CK(clk), .RN(n1989), .Q(s0_ff[10]) );
                       |
ncelab: *W,CUVWSP (./geofence_syn.v,3371|23): 1 output port was not connected:
ncelab: (./tsmc13_neg.v,18376): QN

  DFFRX2 \s0_ff_reg[8]  ( .D(n799), .CK(clk), .RN(n1989), .Q(s0_ff[8]) );
                      |
ncelab: *W,CUVWSP (./geofence_syn.v,3372|22): 1 output port was not connected:
ncelab: (./tsmc13_neg.v,18376): QN

  DFFRX2 \s2_ff_reg[10]  ( .D(n2112), .CK(clk), .RN(n1986), .Q(s2_ff[10]) );
                       |
ncelab: *W,CUVWSP (./geofence_syn.v,3375|23): 1 output port was not connected:
ncelab: (./tsmc13_neg.v,18376): QN

  DFFRX2 \s2_ff_reg[8]  ( .D(n2114), .CK(clk), .RN(n1986), .Q(s2_ff[8]) );
                      |
ncelab: *W,CUVWSP (./geofence_syn.v,3376|22): 1 output port was not connected:
ncelab: (./tsmc13_neg.v,18376): QN

  DFFRX2 \s0_ff_reg[6]  ( .D(n797), .CK(clk), .RN(n1989), .Q(s0_ff[6]) );
                      |
ncelab: *W,CUVWSP (./geofence_syn.v,3377|22): 1 output port was not connected:
ncelab: (./tsmc13_neg.v,18376): QN

  DFFRX2 \s0_ff_reg[4]  ( .D(n795), .CK(clk), .RN(n1988), .Q(s0_ff[4]) );
                      |
ncelab: *W,CUVWSP (./geofence_syn.v,3378|22): 1 output port was not connected:
ncelab: (./tsmc13_neg.v,18376): QN

  DFFRX2 \s0_ff_reg[1]  ( .D(n792), .CK(clk), .RN(n1988), .Q(s0_ff[1]) );
                      |
ncelab: *W,CUVWSP (./geofence_syn.v,3379|22): 1 output port was not connected:
ncelab: (./tsmc13_neg.v,18376): QN

  DFFRX2 \s0_ff_reg[9]  ( .D(n800), .CK(clk), .RN(n1989), .Q(s0_ff[9]) );
                      |
ncelab: *W,CUVWSP (./geofence_syn.v,3380|22): 1 output port was not connected:
ncelab: (./tsmc13_neg.v,18376): QN

  DFFRX2 \s0_ff_reg[7]  ( .D(n798), .CK(clk), .RN(n1989), .Q(s0_ff[7]) );
                      |
ncelab: *W,CUVWSP (./geofence_syn.v,3381|22): 1 output port was not connected:
ncelab: (./tsmc13_neg.v,18376): QN

  DFFRX2 \s0_ff_reg[5]  ( .D(n796), .CK(clk), .RN(n1988), .Q(s0_ff[5]) );
                      |
ncelab: *W,CUVWSP (./geofence_syn.v,3382|22): 1 output port was not connected:
ncelab: (./tsmc13_neg.v,18376): QN

  DFFRX2 \s0_ff_reg[3]  ( .D(n794), .CK(clk), .RN(n1988), .Q(s0_ff[3]) );
                      |
ncelab: *W,CUVWSP (./geofence_syn.v,3383|22): 1 output port was not connected:
ncelab: (./tsmc13_neg.v,18376): QN

  DFFRX2 \s0_ff_reg[2]  ( .D(n793), .CK(clk), .RN(n1988), .Q(s0_ff[2]) );
                      |
ncelab: *W,CUVWSP (./geofence_syn.v,3384|22): 1 output port was not connected:
ncelab: (./tsmc13_neg.v,18376): QN

  DFFRX2 \s2_ff_reg[6]  ( .D(n2116), .CK(clk), .RN(n1985), .Q(s2_ff[6]) );
                      |
ncelab: *W,CUVWSP (./geofence_syn.v,3385|22): 1 output port was not connected:
ncelab: (./tsmc13_neg.v,18376): QN

  DFFRX2 \s2_ff_reg[4]  ( .D(n2118), .CK(clk), .RN(n1985), .Q(s2_ff[4]) );
                      |
ncelab: *W,CUVWSP (./geofence_syn.v,3386|22): 1 output port was not connected:
ncelab: (./tsmc13_neg.v,18376): QN

  DFFRX2 \s2_ff_reg[1]  ( .D(n2121), .CK(clk), .RN(n1985), .Q(s2_ff[1]) );
                      |
ncelab: *W,CUVWSP (./geofence_syn.v,3387|22): 1 output port was not connected:
ncelab: (./tsmc13_neg.v,18376): QN

  DFFRX2 \s0_ff_reg[11]  ( .D(n2100), .CK(clk), .RN(n1989), .Q(s0_ff[11]) );
                       |
ncelab: *W,CUVWSP (./geofence_syn.v,3388|23): 1 output port was not connected:
ncelab: (./tsmc13_neg.v,18376): QN

  DFFRX2 \s2_ff_reg[9]  ( .D(n2113), .CK(clk), .RN(n1986), .Q(s2_ff[9]) );
                      |
ncelab: *W,CUVWSP (./geofence_syn.v,3389|22): 1 output port was not connected:
ncelab: (./tsmc13_neg.v,18376): QN

  DFFRX2 \s2_ff_reg[7]  ( .D(n2115), .CK(clk), .RN(n1986), .Q(s2_ff[7]) );
                      |
ncelab: *W,CUVWSP (./geofence_syn.v,3390|22): 1 output port was not connected:
ncelab: (./tsmc13_neg.v,18376): QN

  DFFRX2 \s2_ff_reg[5]  ( .D(n2117), .CK(clk), .RN(n1985), .Q(s2_ff[5]) );
                      |
ncelab: *W,CUVWSP (./geofence_syn.v,3391|22): 1 output port was not connected:
ncelab: (./tsmc13_neg.v,18376): QN

  DFFRX2 \s2_ff_reg[3]  ( .D(n2119), .CK(clk), .RN(n1985), .Q(s2_ff[3]) );
                      |
ncelab: *W,CUVWSP (./geofence_syn.v,3392|22): 1 output port was not connected:
ncelab: (./tsmc13_neg.v,18376): QN

  DFFRX2 \s2_ff_reg[2]  ( .D(n2120), .CK(clk), .RN(n1985), .Q(s2_ff[2]) );
                      |
ncelab: *W,CUVWSP (./geofence_syn.v,3393|22): 1 output port was not connected:
ncelab: (./tsmc13_neg.v,18376): QN

  DFFRX2 \s2_ff_reg[11]  ( .D(n791), .CK(clk), .RN(n1986), .Q(s2_ff[11]) );
                       |
ncelab: *W,CUVWSP (./geofence_syn.v,3394|23): 1 output port was not connected:
ncelab: (./tsmc13_neg.v,18376): QN

ncelab: *W,DSEMEL: This SystemVerilog design will be simulated as per IEEE 1800-2009 SystemVerilog simulation semantics. Use -disable_sem2009 option for turning off SV 2009 simulation semantics.
	Reading SDF file from location "./geofence_syn.sdf"
	Compiled SDF file "geofence_syn.sdf.X" older than source SDF file "./geofence_syn.sdf".
	Recompiling.
	Writing compiled SDF file to "geofence_syn.sdf.X".
  DW_sqrt_inst sqrt ( .radicand(radicand_in), .square_root(dis_a) );
                                                               |
ncelab: *W,CUVMPW (./geofence_syn.v,2719|63): port sizes differ in port connection (12/24).
    U1 (.a(radicand), .root(square_root));
                                      |
ncelab: *W,CUVMPW (./geofence.v,305|38): port sizes differ in port connection (24/12).
	Annotating SDF timing data:
		Compiled SDF file:     geofence_syn.sdf.X
		Log file:              
		Backannotation scope:  testfixture.u_geofence
		Configuration file:    
		MTM control:           
		Scale factors:         
		Scale type:            
	Annotation completed successfully...
	SDF statistics: No. of Pathdelays = 17249  Annotated = 100.00% -- No. of Tchecks = 1902  Annotated = 100.00% 
				        Total 	   Annotated	  Percentage
		 Path Delays	       17249	       17249	      100.00
		      $width	         951	         951	      100.00
		  $setuphold	         951	         951	      100.00
	Building instance overlay tables: .................... Done
	Generating native compiled code:
		worklib.geofence:v <0x75cfdb31>
			streams:   0, words:     0
		worklib.testfixture:sv <0x29740de5>
			streams:  16, words: 22979
	Building instance specific data structures.
	Loading native compiled code:     .................... Done
	Design hierarchy summary:
		                    Instances  Unique
		Modules:                 3367      87
		UDPs:                     317       1
		Primitives:              9549       8
		Timing outputs:          4283      34
		Registers:                346      35
		Scalar wires:            4653       -
		Expanded wires:            43       4
		Always blocks:              5       5
		Initial blocks:            10      10
		Cont. assignments:          1       1
		Pseudo assignments:         4       4
		Timing checks:           2853     391
		Interconnect:            9750       -
		Delayed tcheck signals:   951     344
		Simulation timescale:     1ps
	Writing initial simulation snapshot: worklib.testfixture:sv
Loading snapshot worklib.testfixture:sv .................... Done
ncsim: *W,DSEM2009: This SystemVerilog design is simulated as per IEEE 1800-2009 SystemVerilog simulation semantics. Use -disable_sem2009 option for turning off SV 2009 simulation semantics.
*Verdi* Loading libsscore_ius152.so
ncsim> source /usr/cad/cadence/INCISIV/cur/tools/inca/files/ncsimrc
ncsim> run
FSDB Dumper for IUS, Release Verdi_P-2019.06, Linux, 05/26/2019
(C) 1996 - 2019 by Synopsys, Inc.
*Verdi* FSDB WARNING: The FSDB file already exists. Overwriting the FSDB file may crash the programs that are using this file.
*Verdi* : Create FSDB file 'geofence.fsdb'
*Verdi* : Begin traversing the scopes, layer (0).
*Verdi* : End of traversing.
*Verdi* : Begin traversing the MDAs, layer (0).
*Verdi* : Enable +mda and +packedmda dumping.
*Verdi* : End of traversing the MDAs.
----------------------
-- Simulation Start --
----------------------
Object1(in):   X     Y     R
          1:  103,  340,  118
          2:  755,  510,  567
          3:  103,   50,  294
          4:  982,  280,  763
          5:  298,  560,  252
          6:  710,   50,  559
Object1: Golde/Return => 1/1, PASS

Object2(out):  X     Y     R
          1:  298,  560,  178
          2:  103,   50,  680
          3:  103,  340,  397
          4:  710,   50,  830
          5:  755,  510,  574
          6:  982,  280,  879
Object2: Golde/Return => 0/0, PASS

Object3(out):  X     Y     R
          1:  400,   80,  272
          2:  300,  800,  659
          3:  980,  120,  840
          4:  710,  620,  732
          5:  103,  500,  342
          6:  130,  210,   50
Object3: Golde/Return => 0/0, PASS

Object4(in):   X     Y     R
          1:  298,  560,  430
          2:  755,  510,  707
          3:  103,   50,  116
          4:  710,   50,  580
          5:  982,  280,  850
          6:  103,  340,  183
Object4: Golde/Return => 1/1, PASS

Object5(in):   X     Y     R
          1:  755,  510,  345
          2:  982,  280,  616
          3:  298,  560,  122
          4:  710,   50,  549
          5:  103,   50,  553
          6:  103,  340,  350
Object5: Golde/Return => 1/1, PASS

Object6(out):  X     Y     R
          1:  755,  510,  743
          2:  103,  340,  296
          3:  710,   50,  898
          4:  982,  280, 1021
          5:  298,  560,  285
          6:  103,   50,  580
Object6: Golde/Return => 0/0, PASS

Object7(out):  X     Y     R
          1:  103,   50,  748
          2:  710,   50,  148
          3:  298,  560,  718
          4:  755,  510,  420
          5:  982,  280,  223
          6:  103,  340,  784
Object7: Golde/Return => 0/0, PASS

Object8(out):  X     Y     R
          1:  300,  800,  330
          2:  710,  620,  690
          3:  400,   80,  664
          4:  103,  500,  150
          5:  130,  210,  429
          6:  980,  120, 1084
Object8: Golde/Return => 0/0, PASS

Object9(in):   X     Y     R
          1:  302,  423,  574
          2:  503,  521,  501
          3:  694,  768,  420
          4:   10,  664,  468
          5:   43, 1003,  298
          6:  694, 1023,  354
Object9: Golde/Return => 1/1, PASS

Object10(out):  X     Y     R
          1:  710,  620,  316
          2:  980,  120,  561
          3:  130,  210, 1007
          4:  400,   80,  863
          5:  103,  500,  935
          6:  300,  800,  730
Object10: Golde/Return => 0/0, PASS

Object11(in):   X     Y     R
          1:  302,  423,  315
          2:  694,  768,  546
          3:  694, 1023,  630
          4:  503,  521,  394
          5:   43, 1003,  322
          6:   10,  664,  146
Object11: Golde/Return => 1/1, PASS

Object12(in):   X     Y     R
          1:  980,  120,  733
          2:  710,  620,  217
          3:  103,  500,  433
          4:  130,  210,  594
          5:  300,  800,  235
          6:  400,   80,  603
Object12: Golde/Return => 1/1, PASS

Object13(out):  X     Y     R
          1:  694, 1023,  392
          2:   10,  664,  622
          3:  503,  521,  172
          4:  694,  768,  146
          5:  302,  423,  392
          6:   43, 1003,  694
Object13: Golde/Return => 0/0, PASS

Object14(in):   X     Y     R
          1:  321,  870,  378
          2: 1010,  643,  690
          3:  321,  127,  365
          4:  432,  123,  381
          5:  567, 1003,  560
          6:  970,  280,  668
Object14: Golde/Return => 1/1, PASS

Object15(out):  X     Y     R
          1:  755,  510,  390
          2:  103,   50,  732
          3:  103,  340,  487
          4:  298,  560,  193
          5:  982,  280,  707
          6:  710,   50,  720
Object15: Golde/Return => 0/0, PASS

Object16(out):  X     Y     R
          1:  300,  800,  628
          2:  980,  120,  875
          3:  130,  210, 1096
          4:  400,   80, 1039
          5:  103,  500,  934
          6:  710,  620,  416
Object16: Golde/Return => 0/0, PASS

Object17(out):  X     Y     R
          1:  103,  500,  784
          2:  130,  210,  753
          3:  400,   80,  540
          4:  710,  620,  320
          5:  980,  120,  247
          6:  300,  800,  732
Object17: Golde/Return => 0/0, PASS

Object18(in):   X     Y     R
          1:  503,  521,  154
          2:  694,  768,  215
          3:  694, 1023,  398
          4:   43, 1003,  562
          5:   10,  664,  490
          6:  302,  423,  320
Object18: Golde/Return => 1/1, PASS

Object19(in):   X     Y     R
          1:   43, 1003,  595
          2:  302,  423,  550
          3:   10,  664,  646
          4:  694, 1023,  168
          5:  694,  768,  124
          6:  503,  521,  369
Object19: Golde/Return => 1/1, PASS

Object20(in):   X     Y     R
          1:  980,  120,  785
          2:  103,  500,  214
          3:  710,  620,  574
          4:  130,  210,  142
          5:  300,  800,  486
          6:  400,   80,  300
Object20: Golde/Return => 1/1, PASS

Object21(out):  X     Y     R
          1:  432,  123,  834
          2:  321,  127,  833
          3:  567, 1003,  173
          4:  321,  870,  117
          5:  970,  280,  885
          6: 1010,  643,  686
Object21: Golde/Return => 0/0, PASS

Object22(in):   X     Y     R
          1:  710,   50,  238
          2:  103,  340,  777
          3:  982,  280,  122
          4:  755,  510,  308
          5:  298,  560,  664
          6:  103,   50,  788
Object22: Golde/Return => 1/1, PASS

Object23(in):   X     Y     R
          1:  982,  280,  586
          2:  103,   50,  337
          3:  755,  510,  464
          4:  710,   50,  348
          5:  103,  340,  324
          6:  298,  560,  364
Object23: Golde/Return => 1/1, PASS

Object24(in):   X     Y     R
          1:  503,  521,  205
          2:   43, 1003,  571
          3:  302,  423,   69
          4:   10,  664,  337
          5:  694, 1023,  661
          6:  694,  768,  481
Object24: Golde/Return => 1/1, PASS

Object25(out):  X     Y     R
          1:  321,  127,  922
          2:  567, 1003,  228
          3:  970,  280,  672
          4: 1010,  643,  363
          5:  432,  123,  875
          6:  321,  870,  464
Object25: Golde/Return => 0/0, PASS

Object26(in):   X     Y     R
          1:  970,  280,  684
          2:  432,  123,  771
          3: 1010,  643,  448
          4:  321,  127,  802
          5:  321,  870,  302
          6:  567, 1003,  144
Object26: Golde/Return => 1/1, PASS

Object27(out):  X     Y     R
          1:  755,  510,  386
          2:  103,   50,  848
          3:  982,  280,  709
          4:  710,   50,  778
          5:  103,  340,  607
          6:  298,  560,  313
Object27: Golde/Return => 0/0, PASS

Object28(out):  X     Y     R
          1:  503,  521,  494
          2:  302,  423,  346
          3:  694, 1023,  782
          4:   10,  664,   40
          5:   43, 1003,  378
          6:  694,  768,  689
Object28: Golde/Return => 0/0, PASS

Object29(out):  X     Y     R
          1:  567, 1003,  516
          2:  970,  280,  823
          3:  321,  870,  269
          4:  432,  123,  540
          5: 1010,  643,  790
          6:  321,  127,  503
Object29: Golde/Return => 0/0, PASS

Object30(in):   X     Y     R
          1:  103,  340,  769
          2:  710,   50,  334
          3:  103,   50,  822
          4:  298,  560,  613
          5:  755,  510,  203
          6:  982,  280,  126
Object30: Golde/Return => 1/1, PASS

Object31(out):  X     Y     R
          1:  503,  521,  582
          2:  694, 1023, 1097
          3:   10,  664,  571
          4:   43, 1003,  904
          5:  694,  768,  893
          6:  302,  423,  380
Object31: Golde/Return => 0/0, PASS

Object32(out):  X     Y     R
          1:  694, 1023,  377
          2:   10,  664,  968
          3:  503,  521,  530
          4:   43, 1003,  959
          5:  302,  423,  754
          6:  694,  768,  279
Object32: Golde/Return => 0/0, PASS

Object33(in):   X     Y     R
          1:  321,  870,  389
          2: 1010,  643,  378
          3:  567, 1003,  373
          4:  970,  280,  490
          5:  321,  127,  595
          6:  432,  123,  549
Object33: Golde/Return => 1/1, PASS

Object34(in):   X     Y     R
          1:  103,  500,  307
          2:  400,   80,  430
          3:  130,  210,  410
          4:  710,  620,  319
          5:  980,  120,  690
          6:  300,  800,  310
Object34: Golde/Return => 1/1, PASS

Object35(in):   X     Y     R
          1:  503,  521,  299
          2:   43, 1003,  421
          3:  694, 1023,  622
          4:   10,  664,  214
          5:  694,  768,  496
          6:  302,  423,  213
Object35: Golde/Return => 1/1, PASS

Object36(out):  X     Y     R
          1:  103,   50,  918
          2:  298,  560,  884
          3:  710,   50,  311
          4:  103,  340,  962
          5:  982,  280,  233
          6:  755,  510,  531
Object36: Golde/Return => 0/0, PASS

Object37(out):  X     Y     R
          1:   10,  664,  815
          2:  694,  768,  180
          3:   43, 1003,  743
          4:  694, 1023,  130
          5:  302,  423,  695
          6:  503,  521,  491
Object37: Golde/Return => 0/0, PASS

Object38(out):  X     Y     R
          1:  400,   80,  836
          2:  300,  800,  110
          3:  103,  500,  454
          4:  980,  120, 1042
          5:  130,  210,  720
          6:  710,  620,  502
Object38: Golde/Return => 0/0, PASS

Object39(in):   X     Y     R
          1:  321,  870,  724
          2:  567, 1003,  786
          3:  321,  127,  333
          4:  432,  123,  230
          5:  970,  280,  334
          6: 1010,  643,  561
Object39: Golde/Return => 1/1, PASS

Object40(in):   X     Y     R
          1:  400,   80,  493
          2:  103,  500,  816
          3:  710,  620,  426
          4:  130,  210,  742
          5:  300,  800,  811
          6:  980,  120,  150
Object40: Golde/Return => 1/1, PASS

Object41(out):  X     Y     R
          1:  970,  280,  344
          2:  321,  870,  774
          3:  432,  123,  217
          4:  321,  127,  326
          5: 1010,  643,  600
          6:  567, 1003,  840
Object41: Golde/Return => 0/0, PASS

Object42(out):  X     Y     R
          1:  321,  127,  936
          2:  321,  870,  655
          3:  970,  280,  519
          4:  567, 1003,  454
          5:  432,  123,  865
          6: 1010,  643,  160
Object42: Golde/Return => 0/0, PASS

Object43(in):   X     Y     R
          1:  567, 1003,  551
          2:  321,  127,  600
          3: 1010,  643,  261
          4:  321,  870,  599
          5:  432,  123,  520
          6:  970,  280,  282
Object43: Golde/Return => 1/1, PASS

Object44(in):   X     Y     R
          1:  710,  620,  514
          2:  130,  210,  270
          3:  300,  800,  598
          4:  103,  500,  415
          5:  400,   80,  130
          6:  980,  120,  586
Object44: Golde/Return => 1/1, PASS

Object45(out):  X     Y     R
          1:   10,  664,  849
          2:  694, 1023,  924
          3:  503,  521,  444
          4:  694,  768,  669
          5:  302,  423,  471
          6:   43, 1003, 1085
Object45: Golde/Return => 0/0, PASS

Object46(out):  X     Y     R
          1:  980,  120,  968
          2:  710,  620,  500
          3:  300,  800,  113
          4:  103,  500,  249
          5:  130,  210,  517
          6:  400,   80,  664
Object46: Golde/Return => 0/0, PASS

Object47(out):  X     Y     R
          1:  103,  500,  420
          2:  300,  800,  739
          3:  400,   80,  270
          4:  130,  210,  130
          5:  710,  620,  792
          6:  980,  120,  850
Object47: Golde/Return => 0/0, PASS

Object48(in):   X     Y     R
          1:  321,  870,  264
          2: 1010,  643,  511
          3:  321,  127,  576
          4:  567, 1003,  334
          5:  432,  123,  556
          6:  970,  280,  613
Object48: Golde/Return => 1/1, PASS

Object49(out):  X     Y     R
          1:  567, 1003, 1016
          2: 1010,  643, 1059
          3:  321,  127,  222
          4:  432,  123,  332
          5:  321,  870,  801
          6:  970,  280,  888
Object49: Golde/Return => 0/0, PASS

Object50(out):  X     Y     R
          1:  321,  870,  130
          2:  432,  123,  883
          3:  970,  280,  969
          4:  567, 1003,  246
          5:  321,  127,  873
          6: 1010,  643,  775
Object50: Golde/Return => 0/0, PASS

-------------------------------------------------
--    Simulation finish,  ALL PASS             --
-------------------------------------------------
Simulation complete via $finish(1) at time 105250 NS + 0
./tb.sv:151              $finish;
ncsim> exit
TOOL:	ncverilog	15.20-s039: Exiting on Jan 02, 2024 at 18:42:31 CST  (total: 00:00:06)
