 
****************************************
Report : power
        -analysis_effort low
Design : LASER
Version: N-2017.09-SP2
Date   : Tue Apr  4 18:26:57 2023
****************************************


Library(s) Used:

    slow (File: /usr/cad/Design_Kit/CBDK_IC_Contest_v2.5/SynopsysDC/db/slow.db)


Operating Conditions: slow   Library: slow
Wire Load Model Mode: top


Global Operating Voltage = 1.08 
Power-specific unit information :
    Voltage Units = 1V
    Capacitance Units = 1.000000pf
    Time Units = 1ns
    Dynamic Power Units = 1mW    (derived from V,C,T units)
    Leakage Power Units = 1pW


  Cell Internal Power  =   1.1156 mW   (98%)
  Net Switching Power  =  24.3485 uW    (2%)
                         ---------
Total Dynamic Power    =   1.1400 mW  (100%)

Cell Leakage Power     =  19.6558 uW


                 Internal         Switching           Leakage            Total
Power Group      Power            Power               Power              Power   (   %    )  Attrs
--------------------------------------------------------------------------------------------------
io_pad             0.0000            0.0000            0.0000            0.0000  (   0.00%)
memory             0.0000            0.0000            0.0000            0.0000  (   0.00%)
black_box          0.0000            0.0000            0.0000            0.0000  (   0.00%)
clock_network      0.0000            0.0000            0.0000            0.0000  (   0.00%)
register           1.0996        3.9557e-03        9.6737e+06            1.1132  (  96.00%)
sequential     2.6361e-05        1.6844e-06        7.2161e+04        1.0021e-04  (   0.01%)
combinational  1.6016e-02        2.0391e-02        9.9100e+06        4.6317e-02  (   3.99%)
--------------------------------------------------------------------------------------------------
Total              1.1156 mW     2.4349e-02 mW     1.9656e+07 pW         1.1596 mW
1
