
                           Design Compiler Graphical 
                                 DC Ultra (TM)
                                  DFTMAX (TM)
                              Power Compiler (TM)
                                 DesignWare (R)
                                 DC Expert (TM)
                               Design Vision (TM)
                               HDL Compiler (TM)
                               VHDL Compiler (TM)
                                  DFT Compiler
                               Design Compiler(R)

               Version N-2017.09-SP2 for linux64 - Nov 27, 2017 

                    Copyright (c) 1988 - 2017 Synopsys, Inc.
   This software and the associated documentation are proprietary to Synopsys,
 Inc. This software may only be used in accordance with the terms and conditions
 of a written license agreement with Synopsys, Inc. All other use, reproduction,
            or distribution of this software is strictly prohibited.
Initializing...
Initializing gui preferences from file  /home/rain/.synopsys_dv_prefs.tcl
# Read all Files
source synopsys_dc.setup
Information: Variable 'hdlin_translate_off_skip_text' is obsolete and is being ignored. (INFO-100)
Information: Variable 'hdlin_enable_presto_for_vhdl' is obsolete and is being ignored. (INFO-100)
Information: Variable 'hdlin_enable_presto_for_vhdl' is obsolete and is being ignored. (INFO-100)
1
read_verilog IOTDF.v
Loading db file '/usr/cad/Design_Kit/CBDK_IC_Contest_v2.5/SynopsysDC/db/slow.db'
Loading db file '/usr/cad/synopsys/synthesis/cur/libraries/syn/dw_foundation.sldb'
Loading db file '/usr/cad/synopsys/synthesis/cur/libraries/syn/gtech.db'
Loading db file '/usr/cad/synopsys/synthesis/cur/libraries/syn/standard.sldb'
  Loading link library 'slow'
  Loading link library 'gtech'
Loading verilog file '/home/rain/IC_contest/iot_data_final2019/icc2019cb/IOTDF.v'
Detecting input file type automatically (-rtl or -netlist).
Reading with Presto HDL Compiler (equivalent to -rtl option).
Running PRESTO HDLC
Compiling source file /home/rain/IC_contest/iot_data_final2019/icc2019cb/IOTDF.v
Warning:  /home/rain/IC_contest/iot_data_final2019/icc2019cb/IOTDF.v:258: signed to unsigned assignment occurs. (VER-318)
Warning:  /home/rain/IC_contest/iot_data_final2019/icc2019cb/IOTDF.v:278: signed to unsigned assignment occurs. (VER-318)
Warning:  /home/rain/IC_contest/iot_data_final2019/icc2019cb/IOTDF.v:299: signed to unsigned assignment occurs. (VER-318)
Warning:  /home/rain/IC_contest/iot_data_final2019/icc2019cb/IOTDF.v:326: signed to unsigned assignment occurs. (VER-318)
Warning:  /home/rain/IC_contest/iot_data_final2019/icc2019cb/IOTDF.v:330: signed to unsigned assignment occurs. (VER-318)
Warning:  /home/rain/IC_contest/iot_data_final2019/icc2019cb/IOTDF.v:334: signed to unsigned assignment occurs. (VER-318)
Warning:  /home/rain/IC_contest/iot_data_final2019/icc2019cb/IOTDF.v:338: signed to unsigned assignment occurs. (VER-318)
Warning:  /home/rain/IC_contest/iot_data_final2019/icc2019cb/IOTDF.v:342: signed to unsigned assignment occurs. (VER-318)

Statistics for case statements in always block at line 207 in file
	'/home/rain/IC_contest/iot_data_final2019/icc2019cb/IOTDF.v'
===============================================
|           Line           |  full/ parallel  |
===============================================
|           215            |    auto/auto     |
|           251            |    auto/auto     |
===============================================

Statistics for case statements in always block at line 315 in file
	'/home/rain/IC_contest/iot_data_final2019/icc2019cb/IOTDF.v'
===============================================
|           Line           |  full/ parallel  |
===============================================
|           323            |    auto/auto     |
===============================================

Statistics for case statements in always block at line 356 in file
	'/home/rain/IC_contest/iot_data_final2019/icc2019cb/IOTDF.v'
===============================================
|           Line           |  full/ parallel  |
===============================================
|           364            |    auto/auto     |
===============================================

Inferred memory devices in process
	in routine IOTDF line 71 in file
		'/home/rain/IC_contest/iot_data_final2019/icc2019cb/IOTDF.v'.
================================================================================
|    Register Name     |   Type    | Width | Bus | MB | AR | AS | SR | SS | ST |
================================================================================
|   extract_d_f_reg    | Flip-flop |   1   |  N  | N  | Y  | N  | N  | N  | N  |
|   exclude_d_f_reg    | Flip-flop |   1   |  N  | N  | Y  | N  | N  | N  | N  |
|  round_ends_d_f_reg  | Flip-flop |   1   |  N  | N  | Y  | N  | N  | N  | N  |
| round_decre_d2_f_reg | Flip-flop |   1   |  N  | N  | Y  | N  | N  | N  | N  |
| round_decre_d_f_reg  | Flip-flop |   1   |  N  | N  | Y  | N  | N  | N  | N  |
| round_ends_d2_f_reg  | Flip-flop |   1   |  N  | N  | Y  | N  | N  | N  | N  |
| round_decre_d3_f_reg | Flip-flop |   1   |  N  | N  | Y  | N  | N  | N  | N  |
================================================================================

Inferred memory devices in process
	in routine IOTDF line 97 in file
		'/home/rain/IC_contest/iot_data_final2019/icc2019cb/IOTDF.v'.
===============================================================================
|    Register Name    |   Type    | Width | Bus | MB | AR | AS | SR | SS | ST |
===============================================================================
|    state_bit_reg    | Flip-flop |   1   |  N  | N  | Y  | N  | N  | N  | N  |
===============================================================================

Inferred memory devices in process
	in routine IOTDF line 110 in file
		'/home/rain/IC_contest/iot_data_final2019/icc2019cb/IOTDF.v'.
===============================================================================
|    Register Name    |   Type    | Width | Bus | MB | AR | AS | SR | SS | ST |
===============================================================================
|  pipe_down_cnt_reg  | Flip-flop |   4   |  Y  | N  | N  | Y  | N  | N  | N  |
===============================================================================

Inferred memory devices in process
	in routine IOTDF line 126 in file
		'/home/rain/IC_contest/iot_data_final2019/icc2019cb/IOTDF.v'.
===============================================================================
|    Register Name    |   Type    | Width | Bus | MB | AR | AS | SR | SS | ST |
===============================================================================
|    round_cnt_reg    | Flip-flop |   1   |  N  | N  | N  | Y  | N  | N  | N  |
|    round_cnt_reg    | Flip-flop |   3   |  Y  | N  | Y  | N  | N  | N  | N  |
===============================================================================

Inferred memory devices in process
	in routine IOTDF line 157 in file
		'/home/rain/IC_contest/iot_data_final2019/icc2019cb/IOTDF.v'.
===============================================================================
|    Register Name    |   Type    | Width | Bus | MB | AR | AS | SR | SS | ST |
===============================================================================
|   iot_in_bufs_reg   | Flip-flop |  128  |  Y  | N  | Y  | N  | N  | N  | N  |
===============================================================================

Inferred memory devices in process
	in routine IOTDF line 187 in file
		'/home/rain/IC_contest/iot_data_final2019/icc2019cb/IOTDF.v'.
===============================================================================
|    Register Name    |   Type    | Width | Bus | MB | AR | AS | SR | SS | ST |
===============================================================================
|    alu_buf1_reg     | Flip-flop |  132  |  Y  | N  | Y  | N  | N  | N  | N  |
===============================================================================

Inferred memory devices in process
	in routine IOTDF line 207 in file
		'/home/rain/IC_contest/iot_data_final2019/icc2019cb/IOTDF.v'.
===============================================================================
|    Register Name    |   Type    | Width | Bus | MB | AR | AS | SR | SS | ST |
===============================================================================
|    result_ff_reg    | Flip-flop |  132  |  Y  | N  | Y  | N  | N  | N  | N  |
===============================================================================

Inferred memory devices in process
	in routine IOTDF line 292 in file
		'/home/rain/IC_contest/iot_data_final2019/icc2019cb/IOTDF.v'.
===============================================================================
|    Register Name    |   Type    | Width | Bus | MB | AR | AS | SR | SS | ST |
===============================================================================
|     peak_ff_reg     | Flip-flop |  132  |  Y  | N  | Y  | N  | N  | N  | N  |
===============================================================================

Inferred memory devices in process
	in routine IOTDF line 315 in file
		'/home/rain/IC_contest/iot_data_final2019/icc2019cb/IOTDF.v'.
===============================================================================
|    Register Name    |   Type    | Width | Bus | MB | AR | AS | SR | SS | ST |
===============================================================================
|      valid_reg      | Flip-flop |   1   |  N  | N  | Y  | N  | N  | N  | N  |
===============================================================================

Inferred memory devices in process
	in routine IOTDF line 356 in file
		'/home/rain/IC_contest/iot_data_final2019/icc2019cb/IOTDF.v'.
===============================================================================
|    Register Name    |   Type    | Width | Bus | MB | AR | AS | SR | SS | ST |
===============================================================================
|     iot_out_reg     | Flip-flop |  128  |  Y  | N  | Y  | N  | N  | N  | N  |
===============================================================================
Presto compilation completed successfully.
Current design is now '/home/rain/IC_contest/iot_data_final2019/icc2019cb/IOTDF.db:IOTDF'
Loaded 1 design.
Current design is 'IOTDF'.
IOTDF
current_design IOTDF
Current design is 'IOTDF'.
{IOTDF}
link

  Linking design 'IOTDF'
  Using the following designs and libraries:
  --------------------------------------------------------------------------
  IOTDF                       /home/rain/IC_contest/iot_data_final2019/icc2019cb/IOTDF.db
  slow (library)              /usr/cad/Design_Kit/CBDK_IC_Contest_v2.5/SynopsysDC/db/slow.db
  dw_foundation.sldb (library) /usr/cad/synopsys/synthesis/cur/libraries/syn/dw_foundation.sldb

1
# Setting Clock Constraits
source -echo -verbose IOTDF_DC.sdc
# operating conditions and boundary conditions #
create_clock -name clk  -period 10.0   [get_ports  clk]      ;#Modify period by yourself
1
set_dont_touch_network      [all_clocks]
1
set_fix_hold                [all_clocks]
1
set_clock_uncertainty  0.1  [all_clocks]
1
set_clock_latency      1.0  [all_clocks]
1
set_ideal_network           [get_ports clk]
1
#Don't touch the basic env setting as below
set_input_delay  -max 1.0   -clock clk [remove_from_collection [all_inputs]  {clk}]  
1
set_input_delay  -min 0.0   -clock clk [remove_from_collection [all_inputs]  {clk}] 
1
set_output_delay -max 1.0   -clock clk [all_outputs]
1
set_output_delay -min 0.0   -clock clk [all_outputs] 
1
set_load         0.01  [all_outputs]
1
set_drive        0.1   [all_inputs]
1
set_operating_conditions -max_library slow -max slow
Using operating conditions 'slow' found in library 'slow'.
1
set_max_fanout 10 [all_inputs]
1
1
# Synthesis all design
compile_ultra
Information: Performing power optimization. (PWR-850)
Analyzing: "/usr/cad/Design_Kit/CBDK_IC_Contest_v2.5/SynopsysDC/db/slow.db"
Library analysis succeeded.
Information: Evaluating DesignWare library utilization. (UISN-27)

============================================================================
| DesignWare Building Block Library  |         Version         | Available |
============================================================================
| Basic DW Building Blocks           | N-2017.09-DWBB_201709.2 |     *     |
| Licensed DW Building Blocks        | N-2017.09-DWBB_201709.2 |     *     |
============================================================================

Information: Sequential output inversion is enabled.  SVF file must be used for formal verification. (OPT-1208)

Information: There are 7 potential problems in your design. Please run 'check_design' for more information. (LINT-99)

  Simplifying Design 'IOTDF'

Loaded alib file './alib-52/slow.db.alib'
  Building model 'DW01_NAND2'
Information: Ungrouping 0 of 1 hierarchies before Pass 1 (OPT-775)
Information: State dependent leakage is now switched from on to off.

  Beginning Pass 1 Mapping
  ------------------------
  Processing 'IOTDF'
Information: Added key list 'DesignWare' to design 'IOTDF'. (DDB-72)
Information: The register 'alu_buf1_reg[128]' is a constant and will be removed. (OPT-1206)
Information: The register 'alu_buf1_reg[129]' is a constant and will be removed. (OPT-1206)
Information: The register 'alu_buf1_reg[130]' is a constant and will be removed. (OPT-1206)
Information: The register 'alu_buf1_reg[131]' is a constant and will be removed. (OPT-1206)
 Implement Synthetic for 'IOTDF'.

  Updating timing information
Information: Updating design information... (UID-85)
Information: The library cell 'HOLDX1' in the library 'slow' is not characterized for internal power. (PWR-536)
Information: The target library(s) contains cell(s), other than black boxes, that are not characterized for internal power. (PWR-24)

  Beginning Mapping Optimizations  (Ultra High effort)
  -------------------------------
  Mapping Optimization (Phase 1)

  Beginning Constant Register Removal
  -----------------------------------

  Beginning Global Optimizations
  ------------------------------
  Numerical Synthesis (Phase 1)
  Numerical Synthesis (Phase 2)
  Global Optimization (Phase 1)
  Global Optimization (Phase 2)
  Global Optimization (Phase 3)
  Global Optimization (Phase 4)
  Global Optimization (Phase 5)
  Global Optimization (Phase 6)
  Global Optimization (Phase 7)
  Global Optimization (Phase 8)
  Global Optimization (Phase 9)
  Global Optimization (Phase 10)
  Global Optimization (Phase 11)
  Global Optimization (Phase 12)
  Global Optimization (Phase 13)
  Global Optimization (Phase 14)
  Global Optimization (Phase 15)
  Global Optimization (Phase 16)
  Global Optimization (Phase 17)
  Global Optimization (Phase 18)
  Global Optimization (Phase 19)
  Global Optimization (Phase 20)
  Global Optimization (Phase 21)
  Global Optimization (Phase 22)
  Global Optimization (Phase 23)
  Global Optimization (Phase 24)
  Global Optimization (Phase 25)
  Global Optimization (Phase 26)
  Global Optimization (Phase 27)
  Global Optimization (Phase 28)
  Global Optimization (Phase 29)
  Global Optimization (Phase 30)
  Global Optimization (Phase 31)

  Beginning Isolate Ports
  -----------------------

  Beginning Delay Optimization
  ----------------------------

                                  TOTAL                                                            
   ELAPSED            WORST NEG   SETUP    DESIGN                              LEAKAGE   MIN DELAY 
    TIME      AREA      SLACK     COST    RULE COST         ENDPOINT            POWER      COST    
  --------- --------- --------- --------- --------- ------------------------- --------- -----------
    0:00:09   47360.9      0.00       0.0       0.4                           33428200.0000      0.00  
    0:00:09   47360.9      0.00       0.0       0.4                           33428200.0000      0.00  
    0:00:09   47360.9      0.00       0.0       0.4                           33428200.0000      0.00  
    0:00:10   47360.9      0.00       0.0       0.4                           33428200.0000      0.00  

  Beginning WLM Backend Optimization
  --------------------------------------
    0:00:11   47157.2      0.00       0.0       0.2                           33022308.0000      0.00  
    0:00:12   47197.9      0.00       0.0       0.0                           31903150.0000      0.00  
    0:00:12   47197.9      0.00       0.0       0.0                           31903150.0000      0.00  
    0:00:12   47197.9      0.00       0.0       0.0                           31903150.0000      0.00  
    0:00:12   47197.9      0.00       0.0       0.0                           31903150.0000      0.00  
    0:00:12   47197.9      0.00       0.0       0.0                           31903150.0000      0.00  
    0:00:12   47197.9      0.00       0.0       0.0                           31903150.0000      0.00  
    0:00:12   47197.9      0.00       0.0       0.0                           31903150.0000      0.00  
    0:00:12   47197.9      0.00       0.0       0.0                           31903150.0000      0.00  
    0:00:12   47197.9      0.00       0.0       0.0                           31903150.0000      0.00  
    0:00:12   47197.9      0.00       0.0       0.0                           31903150.0000      0.00  
    0:00:12   47197.9      0.00       0.0       0.0                           31903150.0000      0.00  
    0:00:12   47197.9      0.00       0.0       0.0                           31903150.0000      0.00  
    0:00:12   47197.9      0.00       0.0       0.0                           31903150.0000      0.00  
    0:00:12   47197.9      0.00       0.0       0.0                           31903150.0000      0.00  
    0:00:12   47197.9      0.00       0.0       0.0                           31903150.0000      0.00  
    0:00:12   47197.9      0.00       0.0       0.0                           31903150.0000      0.00  
    0:00:12   47197.9      0.00       0.0       0.0                           31903150.0000      0.00  
    0:00:12   47197.9      0.00       0.0       0.0                           31903150.0000      0.00  
    0:00:12   47197.9      0.00       0.0       0.0                           31903150.0000      0.00  


  Beginning Design Rule Fixing  (max_capacitance)
  ----------------------------

                                  TOTAL                                                            
   ELAPSED            WORST NEG   SETUP    DESIGN                              LEAKAGE   MIN DELAY 
    TIME      AREA      SLACK     COST    RULE COST         ENDPOINT            POWER      COST    
  --------- --------- --------- --------- --------- ------------------------- --------- -----------
    0:00:12   47197.9      0.00       0.0       0.0                           31903150.0000      0.00  
  Global Optimization (Phase 32)
  Global Optimization (Phase 33)
  Global Optimization (Phase 34)
    0:00:12   47201.3      0.00       0.0       0.0                           31905078.0000      0.00  
    0:00:12   47201.3      0.00       0.0       0.0                           31905078.0000      0.00  


  Beginning Leakage Power Optimization  (max_leakage_power 0)
  ------------------------------------

                                  TOTAL                                                            
   ELAPSED            WORST NEG   SETUP    DESIGN                              LEAKAGE   MIN DELAY 
    TIME      AREA      SLACK     COST    RULE COST         ENDPOINT            POWER      COST    
  --------- --------- --------- --------- --------- ------------------------- --------- -----------
    0:00:12   47201.3      0.00       0.0       0.0                           31905078.0000      0.00  
  Global Optimization (Phase 35)
  Global Optimization (Phase 36)
  Global Optimization (Phase 37)
  Global Optimization (Phase 38)
  Global Optimization (Phase 39)
  Global Optimization (Phase 40)
  Global Optimization (Phase 41)
  Global Optimization (Phase 42)
  Global Optimization (Phase 43)
  Global Optimization (Phase 44)
  Global Optimization (Phase 45)
  Global Optimization (Phase 46)
  Global Optimization (Phase 47)
    0:00:12   46036.9      0.00       0.0       0.0                           30420102.0000      0.00  
    0:00:12   46036.9      0.00       0.0       0.0                           30420102.0000      0.00  
    0:00:12   46036.9      0.00       0.0       0.0                           30420102.0000      0.00  
    0:00:12   46035.2      0.00       0.0       0.0                           30430354.0000      0.00  
    0:00:12   46035.2      0.00       0.0       0.0                           30430354.0000      0.00  
    0:00:12   46035.2      0.00       0.0       0.0                           30430354.0000      0.00  
    0:00:12   46035.2      0.00       0.0       0.0                           30430354.0000      0.00  
    0:00:12   46035.2      0.00       0.0       0.0                           30430354.0000      0.00  
    0:00:12   46035.2      0.00       0.0       0.0                           30430354.0000      0.00  
    0:00:12   46035.2      0.00       0.0       0.0                           30430354.0000      0.00  
    0:00:12   46035.2      0.00       0.0       0.0                           30430354.0000      0.00  
    0:00:12   46035.2      0.00       0.0       0.0                           30430354.0000      0.00  
    0:00:12   46035.2      0.00       0.0       0.0                           30430354.0000      0.00  
    0:00:12   46035.2      0.00       0.0       0.0                           30430354.0000      0.00  
    0:00:12   46035.2      0.00       0.0       0.0                           30430354.0000      0.00  
    0:00:12   46035.2      0.00       0.0       0.0                           30430354.0000      0.00  
    0:00:12   46035.2      0.00       0.0       0.0                           30430354.0000      0.00  
    0:00:12   46035.2      0.00       0.0       0.0                           30430354.0000      0.00  
    0:00:12   46035.2      0.00       0.0       0.0                           30430354.0000      0.00  
    0:00:12   46035.2      0.00       0.0       0.0                           30430354.0000      0.00  
    0:00:12   46035.2      0.00       0.0       0.0                           30430354.0000      0.00  
    0:00:12   46035.2      0.00       0.0       0.0                           30430354.0000      0.00  

                                  TOTAL                                                            
   ELAPSED            WORST NEG   SETUP    DESIGN                              LEAKAGE   MIN DELAY 
    TIME      AREA      SLACK     COST    RULE COST         ENDPOINT            POWER      COST    
  --------- --------- --------- --------- --------- ------------------------- --------- -----------
    0:00:12   46035.2      0.00       0.0       0.0                           30430354.0000      0.00  
    0:00:13   45919.8      0.00       0.0       0.0                           30664820.0000      0.00  
    0:00:13   45919.8      0.00       0.0       0.0                           30664820.0000      0.00  
    0:00:13   45919.8      0.00       0.0       0.0                           30664820.0000      0.00  
    0:00:13   45950.3      0.00       0.0       0.0                           30559622.0000      0.00  
    0:00:13   45991.1      0.00       0.0       0.0                           30415616.0000      0.00  
    0:00:13   45991.1      0.00       0.0       0.0                           30415616.0000      0.00  
    0:00:13   45991.1      0.00       0.0       0.0                           30415616.0000      0.00  
    0:00:13   45991.1      0.00       0.0       0.0                           30415616.0000      0.00  
Loading db file '/usr/cad/Design_Kit/CBDK_IC_Contest_v2.5/SynopsysDC/db/slow.db'


Note: Symbol # after min delay cost means estimated hold TNS across all active scenarios 


  Optimization Complete
  ---------------------
Information: State dependent leakage is now switched from off to on.
Information: Propagating switching activity (low effort zero delay simulation). (PWR-6)
1
write -format ddc  -hierarchy -output "./Netlist/IOTDF_syn.ddc"
Writing ddc file './Netlist/IOTDF_syn.ddc'.
1
write_sdf ./Netlist/IOTDF_syn.sdf
Information: Annotated 'cell' delays are assumed to include load delay. (UID-282)
Information: Writing timing information to file '/home/rain/IC_contest/iot_data_final2019/icc2019cb/Netlist/IOTDF_syn.sdf'. (WT-3)
Information: Updating design information... (UID-85)
1
write_sdc Netlist/IOTDF_syn.sdc
1
write_file -format verilog -hierarchy -output ./Netlist/IOTDF_syn.v
Writing verilog file '/home/rain/IC_contest/iot_data_final2019/icc2019cb/Netlist/IOTDF_syn.v'.
1
report_area > ./Report/area.log
report_timing > ./Report/timing.log
report_qor > ./Report/IOTDF_syn.qor
#======================================================
#  Finish and Quit
#======================================================
exit

Thank you...
