 
****************************************
Report : area
Design : geofence
Version: N-2017.09-SP2
Date   : Tue Mar 29 20:19:46 2022
****************************************

Library(s) Used:

    slow (File: /usr/cad/Design_Kit/CBDK_IC_Contest_v2.1/SynopsysDC/db/slow.db)

Number of ports:                          397
Number of nets:                          2118
Number of cells:                         1562
Number of combinational cells:           1399
Number of sequential cells:               156
Number of macros/black boxes:               0
Number of buf/inv:                        254
Number of references:                      54

Combinational area:              16512.307243
Buf/Inv area:                     1201.759180
Noncombinational area:            4835.892437
Macro/Black Box area:                0.000000
Net Interconnect area:          224841.128815

Total cell area:                 21348.199680
Total area:                     246189.328495
1
