 
****************************************
Report : timing
        -path full
        -delay max
        -max_paths 1
Design : geofence
Version: N-2017.09-SP2
Date   : Tue Mar 29 20:19:46 2022
****************************************

Operating Conditions: slow   Library: slow
Wire Load Model Mode: top

  Startpoint: current_state_reg[1]
              (rising edge-triggered flip-flop clocked by clk)
  Endpoint: position_reg_reg[0][14]
            (rising edge-triggered flip-flop clocked by clk)
  Path Group: clk
  Path Type: max

  Des/Clust/Port     Wire Load Model       Library
  ------------------------------------------------
  geofence           tsmc13_wl10           slow

  Point                                                   Incr       Path
  --------------------------------------------------------------------------
  clock clk (rise edge)                                   0.00       0.00
  clock network delay (ideal)                             0.50       0.50
  current_state_reg[1]/CK (DFFRX1)                        0.00       0.50 r
  current_state_reg[1]/Q (DFFRX1)                         0.90       1.40 r
  U2619/Y (NAND3BX1)                                      0.84       2.25 f
  U2380/Y (CLKBUFX3)                                      1.06       3.31 f
  U2114/Y (CLKBUFX3)                                      1.00       4.31 f
  U2063/Y (NAND2BX1)                                      0.84       5.15 f
  U2062/Y (CLKBUFX3)                                      0.94       6.09 f
  U2598/Y (OAI211X1)                                      0.63       6.72 r
  sub_228_3/A[0] (geofence_DW01_sub_2)                    0.00       6.72 r
  sub_228_3/U9/Y (CLKINVX1)                               0.23       6.95 f
  sub_228_3/U4/Y (NAND2X1)                                0.23       7.18 r
  sub_228_3/U2_1/CO (ADDFX2)                              0.32       7.50 r
  sub_228_3/U2_2/CO (ADDFXL)                              0.46       7.95 r
  sub_228_3/U2_3/S (ADDFXL)                               1.06       9.02 r
  sub_228_3/DIFF[3] (geofence_DW01_sub_2)                 0.00       9.02 r
  mult_228_2/a[3] (geofence_DW_mult_uns_1)                0.00       9.02 r
  mult_228_2/U436/Y (XOR2X1)                              0.45       9.47 r
  mult_228_2/U435/Y (NAND2X1)                             0.17       9.64 f
  mult_228_2/U434/Y (CLKBUFX3)                            0.59      10.23 f
  mult_228_2/U305/Y (OAI22XL)                             0.54      10.77 r
  mult_228_2/U303/S (ADDHXL)                              0.53      11.30 r
  mult_228_2/U345/S (ADDFXL)                              0.81      12.11 f
  mult_228_2/product[3] (geofence_DW_mult_uns_1)          0.00      12.11 f
  sub_228_5/B[3] (geofence_DW01_sub_0)                    0.00      12.11 f
  sub_228_5/U3/Y (OAI22XL)                                0.83      12.93 r
  sub_228_5/U43/Y (NOR2X1)                                0.26      13.19 f
  sub_228_5/U36/Y (AOI2BB2X1)                             0.41      13.60 f
  sub_228_5/U35/Y (AND2X2)                                0.30      13.90 f
  sub_228_5/U1/Y (OAI22XL)                                0.79      14.69 r
  sub_228_5/U29/Y (NOR2X1)                                0.26      14.95 f
  sub_228_5/U7/Y (AOI2BB2X1)                              0.41      15.36 f
  sub_228_5/U6/Y (AND2X2)                                 0.30      15.66 f
  sub_228_5/U5/Y (OAI22XL)                                0.79      16.45 r
  sub_228_5/U30/Y (NOR2X1)                                0.26      16.71 f
  sub_228_5/U11/Y (AOI2BB2X1)                             0.41      17.12 f
  sub_228_5/U10/Y (AND2X2)                                0.30      17.42 f
  sub_228_5/U9/Y (OAI22XL)                                0.79      18.21 r
  sub_228_5/U31/Y (NOR2X1)                                0.26      18.47 f
  sub_228_5/U15/Y (AOI2BB2X1)                             0.41      18.88 f
  sub_228_5/U14/Y (AND2X2)                                0.30      19.18 f
  sub_228_5/U13/Y (OAI22XL)                               0.79      19.97 r
  sub_228_5/U32/Y (NOR2X1)                                0.26      20.23 f
  sub_228_5/U19/Y (AOI2BB2X1)                             0.41      20.64 f
  sub_228_5/U18/Y (AND2X2)                                0.30      20.94 f
  sub_228_5/U17/Y (OAI22XL)                               0.79      21.73 r
  sub_228_5/U33/Y (NOR2X1)                                0.26      21.99 f
  sub_228_5/U23/Y (AOI2BB2X1)                             0.41      22.40 f
  sub_228_5/U22/Y (AND2X2)                                0.30      22.70 f
  sub_228_5/U21/Y (OAI22XL)                               0.79      23.49 r
  sub_228_5/U34/Y (NOR2X1)                                0.26      23.75 f
  sub_228_5/U27/Y (AOI2BB2X1)                             0.41      24.16 f
  sub_228_5/U26/Y (AND2X2)                                0.30      24.46 f
  sub_228_5/U25/Y (OAI22XL)                               0.79      25.25 r
  sub_228_5/U44/Y (NOR2X1)                                0.26      25.51 f
  sub_228_5/U40/Y (AOI2BB2X1)                             0.41      25.92 f
  sub_228_5/U39/Y (AND2X2)                                0.30      26.22 f
  sub_228_5/U38/Y (OAI22XL)                               0.49      26.71 r
  sub_228_5/U2/Y (XNOR3X1)                                0.53      27.24 r
  sub_228_5/DIFF[20] (geofence_DW01_sub_0)                0.00      27.24 r
  U2001/Y (CLKINVX1)                                      0.42      27.65 f
  U1999/Y (BUFX2)                                         0.43      28.08 f
  U2051/Y (CLKBUFX3)                                      0.39      28.46 f
  U2307/Y (OA22X1)                                        0.85      29.32 f
  U2217/Y (AOI2BB2X1)                                     0.45      29.76 f
  U2216/Y (OAI221XL)                                      0.30      30.07 r
  position_reg_reg[0][14]/D (DFFRX1)                      0.00      30.07 r
  data arrival time                                                 30.07

  clock clk (rise edge)                                  30.00      30.00
  clock network delay (ideal)                             0.50      30.50
  clock uncertainty                                      -0.10      30.40
  position_reg_reg[0][14]/CK (DFFRX1)                     0.00      30.40 r
  library setup time                                     -0.30      30.10
  data required time                                                30.10
  --------------------------------------------------------------------------
  data required time                                                30.10
  data arrival time                                                -30.07
  --------------------------------------------------------------------------
  slack (MET)                                                        0.03


1
