 
****************************************
Report : area
Design : JAM
Version: N-2017.09-SP2
Date   : Fri Jan  5 20:38:14 2024
****************************************

Library(s) Used:

    slow (File: /usr/cad/Design_Kit/CBDK_IC_Contest_v2.5/SynopsysDC/db/slow.db)

Number of ports:                           94
Number of nets:                           906
Number of cells:                          775
Number of combinational cells:            687
Number of sequential cells:                86
Number of macros/black boxes:               0
Number of buf/inv:                        147
Number of references:                     133

Combinational area:               7112.105971
Buf/Inv area:                     1157.626791
Noncombinational area:            2878.790359
Macro/Black Box area:                0.000000
Net Interconnect area:          102573.849091

Total cell area:                  9990.896330
Total area:                     112564.745421
1
