 
****************************************
Report : area
Design : LASER
Version: N-2017.09-SP2
Date   : Tue Apr  4 18:26:57 2023
****************************************

Library(s) Used:

    slow (File: /usr/cad/Design_Kit/CBDK_IC_Contest_v2.5/SynopsysDC/db/slow.db)

Number of ports:                           27
Number of nets:                          3766
Number of cells:                         3709
Number of combinational cells:           3197
Number of sequential cells:               512
Number of macros/black boxes:               0
Number of buf/inv:                        597
Number of references:                      53

Combinational area:              22770.621071
Buf/Inv area:                     2070.827967
Noncombinational area:           13151.455416
Macro/Black Box area:                0.000000
Net Interconnect area:      undefined  (No wire load specified)

Total cell area:                 35922.076486
Total area:                 undefined
1
