
                           Design Compiler Graphical 
                                 DC Ultra (TM)
                                  DFTMAX (TM)
                              Power Compiler (TM)
                                 DesignWare (R)
                                 DC Expert (TM)
                               Design Vision (TM)
                               HDL Compiler (TM)
                               VHDL Compiler (TM)
                                  DFT Compiler
                               Design Compiler(R)

               Version N-2017.09-SP2 for linux64 - Nov 27, 2017 

                    Copyright (c) 1988 - 2017 Synopsys, Inc.
   This software and the associated documentation are proprietary to Synopsys,
 Inc. This software may only be used in accordance with the terms and conditions
 of a written license agreement with Synopsys, Inc. All other use, reproduction,
            or distribution of this software is strictly prohibited.
Initializing...
Initializing gui preferences from file  /home/rain/.synopsys_dv_prefs.tcl
#======================================================
#
# Synopsys Synthesis Scripts (Design Vision dctcl mode)
#
#======================================================
#======================================================
#  Set Libraries
#======================================================   
source /usr/cad/Design_Kit/synopsys_dc.setup
Information: Variable 'hdlin_translate_off_skip_text' is obsolete and is being ignored. (INFO-100)
Information: Variable 'hdlin_enable_presto_for_vhdl' is obsolete and is being ignored. (INFO-100)
Information: Variable 'hdlin_enable_presto_for_vhdl' is obsolete and is being ignored. (INFO-100)
1
#======================================================
#  Global Parameters
#======================================================
set DESIGN "LASER"
LASER
set clk_period 8.0
8.0
set IN_DLY  [expr 0.5*$clk_period]
4.0
set OUT_DLY [expr 0.5*$clk_period]
4.0
#set hdlin_ff_always_sync_set_reset true
#======================================================
#  Read RTL Code
#======================================================
read_sverilog { $DESIGN\.v }
Loading db file '/usr/cad/Design_Kit/CBDK_IC_Contest_v2.5/SynopsysDC/db/slow.db'
Loading db file '/usr/cad/synopsys/synthesis/cur/libraries/syn/dw_foundation.sldb'
Loading db file '/usr/cad/synopsys/synthesis/cur/libraries/syn/gtech.db'
Loading db file '/usr/cad/synopsys/synthesis/cur/libraries/syn/standard.sldb'
  Loading link library 'slow'
  Loading link library 'gtech'
Loading sverilog file '/home/rain/IC_contest/2023_grad_cell/2023_grad_cell/2023_grad_cell/LASER.v'
Detecting input file type automatically (-rtl or -netlist).
Reading with Presto HDL Compiler (equivalent to -rtl option).
Running PRESTO HDLC
Compiling source file /home/rain/IC_contest/2023_grad_cell/2023_grad_cell/2023_grad_cell/LASER.v
Warning:  /home/rain/IC_contest/2023_grad_cell/2023_grad_cell/2023_grad_cell/LASER.v:58: signed to unsigned conversion occurs. (VER-318)
Warning:  /home/rain/IC_contest/2023_grad_cell/2023_grad_cell/2023_grad_cell/LASER.v:59: signed to unsigned conversion occurs. (VER-318)
Warning:  /home/rain/IC_contest/2023_grad_cell/2023_grad_cell/2023_grad_cell/LASER.v:62: signed to unsigned conversion occurs. (VER-318)

Statistics for case statements in always block at line 79 in file
	'/home/rain/IC_contest/2023_grad_cell/2023_grad_cell/2023_grad_cell/LASER.v'
===============================================
|           Line           |  full/ parallel  |
===============================================
|            80            |     no/auto      |
===============================================

Statistics for case statements in always block at line 101 in file
	'/home/rain/IC_contest/2023_grad_cell/2023_grad_cell/2023_grad_cell/LASER.v'
===============================================
|           Line           |  full/ parallel  |
===============================================
|           110            |    auto/auto     |
===============================================

Inferred memory devices in process
	in routine LASER line 70 in file
		'/home/rain/IC_contest/2023_grad_cell/2023_grad_cell/2023_grad_cell/LASER.v'.
===============================================================================
|    Register Name    |   Type    | Width | Bus | MB | AR | AS | SR | SS | ST |
===============================================================================
|   curr_state_reg    | Flip-flop |   4   |  Y  | N  | N  | N  | N  | N  | N  |
===============================================================================

Inferred memory devices in process
	in routine LASER line 79 in file
		'/home/rain/IC_contest/2023_grad_cell/2023_grad_cell/2023_grad_cell/LASER.v'.
===========================================================================
|    Register Name    | Type  | Width | Bus | MB | AR | AS | SR | SS | ST |
===========================================================================
|   next_state_reg    | Latch |   4   |  Y  | N  | N  | N  | -  | -  | -  |
===========================================================================

Inferred memory devices in process
	in routine LASER line 101 in file
		'/home/rain/IC_contest/2023_grad_cell/2023_grad_cell/2023_grad_cell/LASER.v'.
===============================================================================
|    Register Name    |   Type    | Width | Bus | MB | AR | AS | SR | SS | ST |
===============================================================================
|      DONE_reg       | Flip-flop |   1   |  N  | N  | N  | N  | N  | N  | N  |
|       C1X_reg       | Flip-flop |   4   |  Y  | N  | N  | N  | N  | N  | N  |
|       C1Y_reg       | Flip-flop |   4   |  Y  | N  | N  | N  | N  | N  | N  |
|       C2X_reg       | Flip-flop |   4   |  Y  | N  | N  | N  | N  | N  | N  |
|       C2Y_reg       | Flip-flop |   4   |  Y  | N  | N  | N  | N  | N  | N  |
===============================================================================

Inferred memory devices in process
	in routine LASER line 135 in file
		'/home/rain/IC_contest/2023_grad_cell/2023_grad_cell/2023_grad_cell/LASER.v'.
===============================================================================
|    Register Name    |   Type    | Width | Bus | MB | AR | AS | SR | SS | ST |
===============================================================================
|   global_cnt_reg    | Flip-flop |   6   |  Y  | N  | N  | N  | N  | N  | N  |
===============================================================================

Inferred memory devices in process
	in routine LASER line 151 in file
		'/home/rain/IC_contest/2023_grad_cell/2023_grad_cell/2023_grad_cell/LASER.v'.
===============================================================================
|    Register Name    |   Type    | Width | Bus | MB | AR | AS | SR | SS | ST |
===============================================================================
|     obj_mem_reg     | Flip-flop |  320  |  Y  | N  | N  | N  | N  | N  | N  |
===============================================================================

Inferred memory devices in process
	in routine LASER line 175 in file
		'/home/rain/IC_contest/2023_grad_cell/2023_grad_cell/2023_grad_cell/LASER.v'.
===============================================================================
|    Register Name    |   Type    | Width | Bus | MB | AR | AS | SR | SS | ST |
===============================================================================
|     row_ptr_reg     | Flip-flop |   4   |  Y  | N  | Y  | N  | N  | N  | N  |
|     col_ptr_reg     | Flip-flop |   4   |  Y  | N  | Y  | N  | N  | N  | N  |
|    iter_cnt_reg     | Flip-flop |   3   |  Y  | N  | Y  | N  | N  | N  | N  |
===============================================================================

Inferred memory devices in process
	in routine LASER line 187 in file
		'/home/rain/IC_contest/2023_grad_cell/2023_grad_cell/2023_grad_cell/LASER.v'.
===============================================================================
|    Register Name    |   Type    | Width | Bus | MB | AR | AS | SR | SS | ST |
===============================================================================
|  circal_loc_C1_reg  | Flip-flop |   8   |  Y  | N  | N  | N  | N  | N  | N  |
===============================================================================

Inferred memory devices in process
	in routine LASER line 202 in file
		'/home/rain/IC_contest/2023_grad_cell/2023_grad_cell/2023_grad_cell/LASER.v'.
===============================================================================
|    Register Name    |   Type    | Width | Bus | MB | AR | AS | SR | SS | ST |
===============================================================================
|  circal_loc_C2_reg  | Flip-flop |   8   |  Y  | N  | N  | N  | N  | N  | N  |
===============================================================================

Inferred memory devices in process
	in routine LASER line 216 in file
		'/home/rain/IC_contest/2023_grad_cell/2023_grad_cell/2023_grad_cell/LASER.v'.
===============================================================================
|    Register Name    |   Type    | Width | Bus | MB | AR | AS | SR | SS | ST |
===============================================================================
| circal_loc_max_reg  | Flip-flop |   8   |  Y  | N  | N  | N  | N  | N  | N  |
===============================================================================

Inferred memory devices in process
	in routine LASER line 228 in file
		'/home/rain/IC_contest/2023_grad_cell/2023_grad_cell/2023_grad_cell/LASER.v'.
===============================================================================
|    Register Name    |   Type    | Width | Bus | MB | AR | AS | SR | SS | ST |
===============================================================================
|    tmp_dirty_reg    | Flip-flop |  40   |  Y  | N  | N  | N  | N  | N  | N  |
===============================================================================

Inferred memory devices in process
	in routine LASER line 244 in file
		'/home/rain/IC_contest/2023_grad_cell/2023_grad_cell/2023_grad_cell/LASER.v'.
===============================================================================
|    Register Name    |   Type    | Width | Bus | MB | AR | AS | SR | SS | ST |
===============================================================================
|  max_c1_dirty_reg   | Flip-flop |  40   |  Y  | N  | N  | N  | N  | N  | N  |
===============================================================================

Inferred memory devices in process
	in routine LASER line 259 in file
		'/home/rain/IC_contest/2023_grad_cell/2023_grad_cell/2023_grad_cell/LASER.v'.
===============================================================================
|    Register Name    |   Type    | Width | Bus | MB | AR | AS | SR | SS | ST |
===============================================================================
|  max_c2_dirty_reg   | Flip-flop |  40   |  Y  | N  | N  | N  | N  | N  | N  |
===============================================================================

Inferred memory devices in process
	in routine LASER line 271 in file
		'/home/rain/IC_contest/2023_grad_cell/2023_grad_cell/2023_grad_cell/LASER.v'.
===============================================================================
|    Register Name    |   Type    | Width | Bus | MB | AR | AS | SR | SS | ST |
===============================================================================
|     opt_num_reg     | Flip-flop |   6   |  Y  | N  | N  | N  | N  | N  | N  |
===============================================================================
Presto compilation completed successfully.
Current design is now '/home/rain/IC_contest/2023_grad_cell/2023_grad_cell/2023_grad_cell/LASER.db:LASER'
Loaded 2 designs.
Current design is 'LASER'.
LASER Inside
current_design $DESIGN
Current design is 'LASER'.
{LASER}
#======================================================
#  Global Setting
#======================================================
#======================================================
#  Set Design Constraints
#======================================================
#create_clock -name "clk" -period $clk_period clk
#set_input_delay 0 -clock clk rst_n
create_clock -name CLK  -period $clk_period   [get_ports  CLK] 
1
set_ideal_network -no_propagate CLK
1
set_input_delay  $IN_DLY -clock CLK [all_inputs]
1
set_output_delay $OUT_DLY  -clock CLK [all_outputs]
1
set_input_delay 0 -clock CLK CLK
1
set_input_delay 0 -clock CLK RST
1
set_load 0.05 [all_outputs]
1
#set_dont_use slow/JKFF*
#======================================================
#  Optimization
#======================================================
uniquify
Information: Uniquified 40 instances of design 'Inside'. (OPT-1056)
1
check_design > Report/$DESIGN\.check
set_fix_multiple_port_nets -all -buffer_constants
1
set_fix_hold [all_clocks]
1
#set_boundary_optimization
#set compile_auto_ungroup_delay_num_cells 100(default=500)
#compile -map_effort high -area_effort high -inc
#compile_ultra -area_high_effort_script
compile_ultra
Information: Performing power optimization. (PWR-850)
Alib files are up-to-date.
Information: Evaluating DesignWare library utilization. (UISN-27)

============================================================================
| DesignWare Building Block Library  |         Version         | Available |
============================================================================
| Basic DW Building Blocks           | N-2017.09-DWBB_201709.2 |     *     |
| Licensed DW Building Blocks        | N-2017.09-DWBB_201709.2 |     *     |
============================================================================

Information: Sequential output inversion is enabled.  SVF file must be used for formal verification. (OPT-1208)

Information: There are 201 potential problems in your design. Please run 'check_design' for more information. (LINT-99)

  Simplifying Design 'LASER'

Loaded alib file './alib-52/slow.db.alib'
  Building model 'DW01_NAND2'
Information: Ungrouping hierarchy genblk1[0].inst_Inside before Pass 1 (OPT-776)
Information: Ungrouping hierarchy genblk1[39].inst_Inside before Pass 1 (OPT-776)
Information: Ungrouping hierarchy genblk1[38].inst_Inside before Pass 1 (OPT-776)
Information: Ungrouping hierarchy genblk1[37].inst_Inside before Pass 1 (OPT-776)
Information: Ungrouping hierarchy genblk1[36].inst_Inside before Pass 1 (OPT-776)
Information: Ungrouping hierarchy genblk1[35].inst_Inside before Pass 1 (OPT-776)
Information: Ungrouping hierarchy genblk1[34].inst_Inside before Pass 1 (OPT-776)
Information: Ungrouping hierarchy genblk1[33].inst_Inside before Pass 1 (OPT-776)
Information: Ungrouping hierarchy genblk1[32].inst_Inside before Pass 1 (OPT-776)
Information: Ungrouping hierarchy genblk1[31].inst_Inside before Pass 1 (OPT-776)
Information: Ungrouping hierarchy genblk1[30].inst_Inside before Pass 1 (OPT-776)
Information: Ungrouping hierarchy genblk1[29].inst_Inside before Pass 1 (OPT-776)
Information: Ungrouping hierarchy genblk1[28].inst_Inside before Pass 1 (OPT-776)
Information: Ungrouping hierarchy genblk1[27].inst_Inside before Pass 1 (OPT-776)
Information: Ungrouping hierarchy genblk1[26].inst_Inside before Pass 1 (OPT-776)
Information: Ungrouping hierarchy genblk1[25].inst_Inside before Pass 1 (OPT-776)
Information: Ungrouping hierarchy genblk1[24].inst_Inside before Pass 1 (OPT-776)
Information: Ungrouping hierarchy genblk1[23].inst_Inside before Pass 1 (OPT-776)
Information: Ungrouping hierarchy genblk1[22].inst_Inside before Pass 1 (OPT-776)
Information: Ungrouping hierarchy genblk1[21].inst_Inside before Pass 1 (OPT-776)
Information: Ungrouping hierarchy genblk1[20].inst_Inside before Pass 1 (OPT-776)
Information: Ungrouping hierarchy genblk1[19].inst_Inside before Pass 1 (OPT-776)
Information: Ungrouping hierarchy genblk1[18].inst_Inside before Pass 1 (OPT-776)
Information: Ungrouping hierarchy genblk1[17].inst_Inside before Pass 1 (OPT-776)
Information: Ungrouping hierarchy genblk1[16].inst_Inside before Pass 1 (OPT-776)
Information: Ungrouping hierarchy genblk1[15].inst_Inside before Pass 1 (OPT-776)
Information: Ungrouping hierarchy genblk1[14].inst_Inside before Pass 1 (OPT-776)
Information: Ungrouping hierarchy genblk1[13].inst_Inside before Pass 1 (OPT-776)
Information: Ungrouping hierarchy genblk1[12].inst_Inside before Pass 1 (OPT-776)
Information: Ungrouping hierarchy genblk1[11].inst_Inside before Pass 1 (OPT-776)
Information: Ungrouping hierarchy genblk1[10].inst_Inside before Pass 1 (OPT-776)
Information: Ungrouping hierarchy genblk1[9].inst_Inside before Pass 1 (OPT-776)
Information: Ungrouping hierarchy genblk1[8].inst_Inside before Pass 1 (OPT-776)
Information: Ungrouping hierarchy genblk1[7].inst_Inside before Pass 1 (OPT-776)
Information: Ungrouping hierarchy genblk1[6].inst_Inside before Pass 1 (OPT-776)
Information: Ungrouping hierarchy genblk1[5].inst_Inside before Pass 1 (OPT-776)
Information: Ungrouping hierarchy genblk1[4].inst_Inside before Pass 1 (OPT-776)
Information: Ungrouping hierarchy genblk1[3].inst_Inside before Pass 1 (OPT-776)
Information: Ungrouping hierarchy genblk1[2].inst_Inside before Pass 1 (OPT-776)
Information: Ungrouping hierarchy genblk1[1].inst_Inside before Pass 1 (OPT-776)
Information: Ungrouping 40 of 41 hierarchies before Pass 1 (OPT-775)
Information: State dependent leakage is now switched from on to off.

  Beginning Pass 1 Mapping
  ------------------------
  Processing 'LASER'
Information: Added key list 'DesignWare' to design 'LASER'. (DDB-72)
 Implement Synthetic for 'LASER'.

  Updating timing information
Information: Updating design information... (UID-85)
Information: The library cell 'HOLDX1' in the library 'slow' is not characterized for internal power. (PWR-536)
Information: The target library(s) contains cell(s), other than black boxes, that are not characterized for internal power. (PWR-24)

  Beginning Mapping Optimizations  (Ultra High effort)
  -------------------------------
  Mapping Optimization (Phase 1)

  Beginning Constant Register Removal
  -----------------------------------

  Beginning Global Optimizations
  ------------------------------
  Numerical Synthesis (Phase 1)
  Numerical Synthesis (Phase 2)
  Global Optimization (Phase 1)
  Global Optimization (Phase 2)
  Global Optimization (Phase 3)
  Global Optimization (Phase 4)
  Global Optimization (Phase 5)
  Global Optimization (Phase 6)
  Global Optimization (Phase 7)
  Global Optimization (Phase 8)
  Global Optimization (Phase 9)
  Global Optimization (Phase 10)
  Global Optimization (Phase 11)
  Global Optimization (Phase 12)
  Global Optimization (Phase 13)
  Global Optimization (Phase 14)
  Global Optimization (Phase 15)
  Global Optimization (Phase 16)
  Global Optimization (Phase 17)
  Global Optimization (Phase 18)
  Global Optimization (Phase 19)
  Global Optimization (Phase 20)
  Global Optimization (Phase 21)
  Global Optimization (Phase 22)
  Global Optimization (Phase 23)
  Global Optimization (Phase 24)
  Global Optimization (Phase 25)
  Global Optimization (Phase 26)
  Global Optimization (Phase 27)
  Global Optimization (Phase 28)
  Global Optimization (Phase 29)
  Global Optimization (Phase 30)
  Global Optimization (Phase 31)

  Beginning Isolate Ports
  -----------------------

  Beginning Delay Optimization
  ----------------------------

                                  TOTAL                                                            
   ELAPSED            WORST NEG   SETUP    DESIGN                              LEAKAGE   MIN DELAY 
    TIME      AREA      SLACK     COST    RULE COST         ENDPOINT            POWER      COST    
  --------- --------- --------- --------- --------- ------------------------- --------- -----------
    0:00:09   36251.4      0.00       0.0       0.0                           21225472.0000      0.00  
    0:00:09   36251.4      0.00       0.0       0.0                           21225472.0000      0.00  
    0:00:09   36251.4      0.00       0.0       0.0                           21225472.0000      0.00  
    0:00:09   36203.8      0.00       0.0       0.0                           21406016.0000      0.00  

  Beginning WLM Backend Optimization
  --------------------------------------
    0:00:10   35954.3      0.00       0.0       0.0                           20953248.0000      0.00  
    0:00:11   35956.0      0.00       0.0       0.0                           20090860.0000      0.00  
    0:00:11   35956.0      0.00       0.0       0.0                           20090860.0000      0.00  
    0:00:11   35956.0      0.00       0.0       0.0                           20090860.0000      0.00  
    0:00:11   35956.0      0.00       0.0       0.0                           20090860.0000      0.00  
    0:00:11   35956.0      0.00       0.0       0.0                           20090860.0000      0.00  
    0:00:11   35956.0      0.00       0.0       0.0                           20090860.0000      0.00  
    0:00:11   35956.0      0.00       0.0       0.0                           20090860.0000      0.00  
    0:00:11   35956.0      0.00       0.0       0.0                           20090860.0000      0.00  
    0:00:11   35956.0      0.00       0.0       0.0                           20090860.0000      0.00  
    0:00:11   35956.0      0.00       0.0       0.0                           20090860.0000      0.00  
    0:00:11   35956.0      0.00       0.0       0.0                           20090860.0000      0.00  
    0:00:11   35956.0      0.00       0.0       0.0                           20090860.0000      0.00  
    0:00:11   35956.0      0.00       0.0       0.0                           20090860.0000      0.00  
    0:00:11   35956.0      0.00       0.0       0.0                           20090860.0000      0.00  
    0:00:11   35956.0      0.00       0.0       0.0                           20090860.0000      0.00  
    0:00:11   35956.0      0.00       0.0       0.0                           20090860.0000      0.00  
    0:00:11   35956.0      0.00       0.0       0.0                           20090860.0000      0.00  
    0:00:11   35956.0      0.00       0.0       0.0                           20090860.0000      0.00  
    0:00:11   35956.0      0.00       0.0       0.0                           20090860.0000      0.00  
    0:00:11   35956.0      0.00       0.0       0.0                           20090860.0000      0.00  
    0:00:11   35956.0      0.00       0.0       0.0                           20090860.0000      0.00  


  Beginning Leakage Power Optimization  (max_leakage_power 0)
  ------------------------------------

                                  TOTAL                                                            
   ELAPSED            WORST NEG   SETUP    DESIGN                              LEAKAGE   MIN DELAY 
    TIME      AREA      SLACK     COST    RULE COST         ENDPOINT            POWER      COST    
  --------- --------- --------- --------- --------- ------------------------- --------- -----------
    0:00:11   35956.0      0.00       0.0       0.0                           20090860.0000      0.00  
  Global Optimization (Phase 32)
  Global Optimization (Phase 33)
  Global Optimization (Phase 34)
  Global Optimization (Phase 35)
  Global Optimization (Phase 36)
  Global Optimization (Phase 37)
  Global Optimization (Phase 38)
  Global Optimization (Phase 39)
  Global Optimization (Phase 40)
  Global Optimization (Phase 41)
  Global Optimization (Phase 42)
  Global Optimization (Phase 43)
  Global Optimization (Phase 44)
    0:00:11   36013.7      0.00       0.0       0.0                           19551108.0000      0.00  
    0:00:11   36013.7      0.00       0.0       0.0                           19551108.0000      0.00  
    0:00:11   36013.7      0.00       0.0       0.0                           19551108.0000      0.00  
    0:00:11   36013.7      0.00       0.0       0.0                           19551108.0000      0.00  
    0:00:11   36013.7      0.00       0.0       0.0                           19551108.0000      0.00  
    0:00:11   36013.7      0.00       0.0       0.0                           19551108.0000      0.00  
    0:00:11   36013.7      0.00       0.0       0.0                           19551108.0000      0.00  
    0:00:11   36013.7      0.00       0.0       0.0                           19551108.0000      0.00  
    0:00:11   36013.7      0.00       0.0       0.0                           19551108.0000      0.00  
    0:00:11   36013.7      0.00       0.0       0.0                           19551108.0000      0.00  
    0:00:11   36013.7      0.00       0.0       0.0                           19551108.0000      0.00  
    0:00:11   36013.7      0.00       0.0       0.0                           19551108.0000      0.00  
    0:00:11   36013.7      0.00       0.0       0.0                           19551108.0000      0.00  
    0:00:11   36013.7      0.00       0.0       0.0                           19551108.0000      0.00  
    0:00:11   36013.7      0.00       0.0       0.0                           19551108.0000      0.00  
    0:00:11   36013.7      0.00       0.0       0.0                           19551108.0000      0.00  
    0:00:11   36013.7      0.00       0.0       0.0                           19551108.0000      0.00  
    0:00:11   36013.7      0.00       0.0       0.0                           19551108.0000      0.00  
    0:00:11   36013.7      0.00       0.0       0.0                           19551108.0000      0.00  
    0:00:11   36013.7      0.00       0.0       0.0                           19551108.0000      0.00  
    0:00:11   36013.7      0.00       0.0       0.0                           19551108.0000      0.00  
    0:00:11   36013.7      0.00       0.0       0.0                           19551108.0000      0.00  

                                  TOTAL                                                            
   ELAPSED            WORST NEG   SETUP    DESIGN                              LEAKAGE   MIN DELAY 
    TIME      AREA      SLACK     COST    RULE COST         ENDPOINT            POWER      COST    
  --------- --------- --------- --------- --------- ------------------------- --------- -----------
    0:00:12   36013.7      0.00       0.0       0.0                           19551108.0000      0.00  
    0:00:12   35906.8      0.00       0.0       0.0                           19744176.0000      0.00  
    0:00:12   35906.8      0.00       0.0       0.0                           19744176.0000      0.00  
    0:00:12   35906.8      0.00       0.0       0.0                           19744176.0000      0.00  
    0:00:12   35917.0      0.00       0.0       0.0                           19707102.0000      0.00  
    0:00:12   35927.2      0.00       0.0       0.0                           19661404.0000      0.00  
    0:00:12   35927.2      0.00       0.0       0.0                           19661404.0000      0.00  
    0:00:12   35927.2      0.00       0.0       0.0                           19661404.0000      0.00  
    0:00:12   35927.2      0.00       0.0       0.0                           19661404.0000      0.00  
    0:00:13   35922.1      0.00       0.0       0.0                           19655796.0000      0.00  
Loading db file '/usr/cad/Design_Kit/CBDK_IC_Contest_v2.5/SynopsysDC/db/slow.db'


Note: Symbol # after min delay cost means estimated hold TNS across all active scenarios 


  Optimization Complete
  ---------------------
Information: State dependent leakage is now switched from off to on.
Information: Propagating switching activity (low effort zero delay simulation). (PWR-6)
1
#======================================================
#  Output Reports
#======================================================
report_timing            >  Report/$DESIGN\_timing.log
report_area              >  Report/$DESIGN\_area.log
report_power             >  Report/$DESIGN\_power.log
report_resource          >  Report/$DESIGN\_resource.log
#======================================================
#  Change Naming Rule
#======================================================
set bus_inference_style "%s\[%d\]"
%s[%d]
set bus_naming_style "%s\[%d\]"
%s[%d]
set hdlout_internal_busses true
true
change_names -hierarchy -rule verilog
1
define_name_rules name_rule -allowed "a-z A-Z 0-9 _" -max_length 255 -type cell
1
define_name_rules name_rule -allowed "a-z A-Z 0-9 _[]" -max_length 255 -type net
1
define_name_rules name_rule -map {{"\\*cell\\*" "cell"}}
1
change_names -hierarchy -rules name_rule
1
#======================================================
#  Output Results
#======================================================
set verilogout_higher_designs_first true
true
write -format verilog -output Netlist/$DESIGN\_SYN.v -hierarchy
Writing verilog file '/home/rain/IC_contest/2023_grad_cell/2023_grad_cell/2023_grad_cell/Netlist/LASER_SYN.v'.
1
write_sdf -version 3.0 -context verilog -load_delay cell Netlist/$DESIGN\_SYN.sdf -significant_digits 6
Information: Writing timing information to file '/home/rain/IC_contest/2023_grad_cell/2023_grad_cell/2023_grad_cell/Netlist/LASER_SYN.sdf'. (WT-3)
1
write_sdc Netlist/$DESIGN\_SYN.sdc
1
#======================================================
#  Finish and Quit
#======================================================
exit

Thank you...
